[10:34:01:100] [INFO] - org.springframework.boot.StartupInfoLogger.logStarting(StartupInfoLogger.java:55) - Starting MallAppApplication on Jiawen-Desktop with PID 685660 (D:\SelfLearningProjects\MoocCode\MallApp\target\classes started by Jiawen in D:\SelfLearningProjects\MoocCode\MallApp)
[10:34:01:100] [INFO] - org.springframework.boot.SpringApplication.logStartupProfileInfo(SpringApplication.java:651) - No active profile set, falling back to default profiles: default
[10:34:02:167] [INFO] - org.springframework.context.support.PostProcessorRegistrationDelegate$BeanPostProcessorChecker.postProcessAfterInitialization(PostProcessorRegistrationDelegate.java:330) - Bean 'org.springframework.transaction.annotation.ProxyTransactionManagementConfiguration' of type [org.springframework.transaction.annotation.ProxyTransactionManagementConfiguration] is not eligible for getting processed by all BeanPostProcessors (for example: not eligible for auto-proxying)
[10:34:02:481] [INFO] - org.springframework.boot.web.embedded.tomcat.TomcatWebServer.initialize(TomcatWebServer.java:92) - Tomcat initialized with port(s): 8080 (http)
[10:34:02:481] [INFO] - org.apache.juli.logging.DirectJDKLog.log(DirectJDKLog.java:173) - Initializing ProtocolHandler ["http-nio-8080"]
[10:34:02:481] [INFO] - org.apache.juli.logging.DirectJDKLog.log(DirectJDKLog.java:173) - Starting service [Tomcat]
[10:34:02:481] [INFO] - org.apache.juli.logging.DirectJDKLog.log(DirectJDKLog.java:173) - Starting Servlet engine: [Apache Tomcat/9.0.27]
[10:34:02:481] [INFO] - org.apache.juli.logging.DirectJDKLog.log(DirectJDKLog.java:173) - Loaded APR based Apache Tomcat Native library [1.2.32] using APR version [1.7.0].
[10:34:02:481] [INFO] - org.apache.juli.logging.DirectJDKLog.log(DirectJDKLog.java:173) - APR capabilities: IPv6 [true], sendfile [true], accept filters [false], random [true].
[10:34:02:497] [INFO] - org.apache.juli.logging.DirectJDKLog.log(DirectJDKLog.java:173) - APR/OpenSSL configuration: useAprConnector [false], useOpenSSL [true]
[10:34:02:497] [INFO] - org.apache.juli.logging.DirectJDKLog.log(DirectJDKLog.java:173) - OpenSSL successfully initialized [OpenSSL 1.1.1n  15 Mar 2022]
[10:34:02:543] [INFO] - org.apache.juli.logging.DirectJDKLog.log(DirectJDKLog.java:173) - Initializing Spring embedded WebApplicationContext
[10:34:02:543] [INFO] - org.springframework.boot.web.servlet.context.ServletWebServerApplicationContext.prepareWebApplicationContext(ServletWebServerApplicationContext.java:284) - Root WebApplicationContext: initialization completed in 1396 ms
[10:34:03:124] [INFO] - springfox.documentation.spring.web.PropertySourcedRequestMappingHandlerMapping.initHandlerMethods(PropertySourcedRequestMappingHandlerMapping.java:69) - Mapped URL path [/v2/api-docs] onto method [springfox.documentation.swagger2.web.Swagger2Controller#getDocumentation(String, HttpServletRequest)]
[10:34:03:203] [INFO] - org.springframework.scheduling.concurrent.ExecutorConfigurationSupport.initialize(ExecutorConfigurationSupport.java:171) - Initializing ExecutorService 'applicationTaskExecutor'
[10:34:03:391] [INFO] - springfox.documentation.spring.web.plugins.DocumentationPluginsBootstrapper.start(DocumentationPluginsBootstrapper.java:160) - Context refreshed
[10:34:03:407] [INFO] - springfox.documentation.spring.web.plugins.DocumentationPluginsBootstrapper.start(DocumentationPluginsBootstrapper.java:163) - Found 1 custom documentation plugin(s)
[10:34:03:422] [INFO] - springfox.documentation.spring.web.scanners.ApiListingReferenceScanner.scan(ApiListingReferenceScanner.java:41) - Scanning for api listing references
[10:34:03:642] [INFO] - org.apache.juli.logging.DirectJDKLog.log(DirectJDKLog.java:173) - Starting ProtocolHandler ["http-nio-8080"]
[10:34:03:657] [INFO] - org.springframework.boot.web.embedded.tomcat.TomcatWebServer.start(TomcatWebServer.java:204) - Tomcat started on port(s): 8080 (http) with context path ''
[10:34:03:657] [INFO] - org.springframework.boot.StartupInfoLogger.logStarted(StartupInfoLogger.java:61) - Started MallAppApplication in 2.834 seconds (JVM running for 4.651)
[10:34:39:157] [INFO] - org.apache.juli.logging.DirectJDKLog.log(DirectJDKLog.java:173) - Initializing Spring DispatcherServlet 'dispatcherServlet'
[10:34:39:158] [INFO] - org.springframework.web.servlet.FrameworkServlet.initServletBean(FrameworkServlet.java:525) - Initializing Servlet 'dispatcherServlet'
[10:34:39:166] [INFO] - org.springframework.web.servlet.FrameworkServlet.initServletBean(FrameworkServlet.java:547) - Completed initialization in 8 ms
[10:34:39:319] [WARN] - org.apache.juli.logging.DirectJDKLog.log(DirectJDKLog.java:173) - Creation of SecureRandom instance for session ID generation using [SHA1PRNG] took [131] milliseconds.
[10:34:39:325] [INFO] - per.springbt.mallapp.filter.WebLogAspect.doBefore(WebLogAspect.java:32) - URL: /adminLogin
[10:34:39:326] [INFO] - per.springbt.mallapp.filter.WebLogAspect.doBefore(WebLogAspect.java:33) - HTTP_METHOD: POST
[10:34:39:326] [INFO] - per.springbt.mallapp.filter.WebLogAspect.doBefore(WebLogAspect.java:34) - IP: 0:0:0:0:0:0:0:1
[10:34:39:329] [INFO] - per.springbt.mallapp.filter.WebLogAspect.doBefore(WebLogAspect.java:35) - Class_METHOD: per.springbt.mallapp.controller.UserController.adminLogin
[10:34:39:329] [INFO] - per.springbt.mallapp.filter.WebLogAspect.doBefore(WebLogAspect.java:36) - ARGS: [jiawenAdmin, 123456789, org.apache.catalina.session.StandardSessionFacade@a799255]
[10:34:39:352] [INFO] - com.zaxxer.hikari.HikariDataSource.getConnection(HikariDataSource.java:110) - imooc_mall_datasource - Starting...
[10:34:40:069] [INFO] - com.zaxxer.hikari.HikariDataSource.getConnection(HikariDataSource.java:123) - imooc_mall_datasource - Start completed.
[10:34:40:184] [INFO] - per.springbt.mallapp.filter.WebLogAspect.doAfter(WebLogAspect.java:41) - RESPONSE: {"status":10000,"msg":"SUCCESS","data":{"id":15,"username":"jiawenAdmin","password":null,"personalizedSignature":"","role":2,"createTime":1650512295000,"updateTime":1650512314000}}
[10:39:12:343] [INFO] - org.springframework.scheduling.concurrent.ExecutorConfigurationSupport.shutdown(ExecutorConfigurationSupport.java:208) - Shutting down ExecutorService 'applicationTaskExecutor'
[10:39:12:343] [INFO] - com.zaxxer.hikari.HikariDataSource.close(HikariDataSource.java:350) - imooc_mall_datasource - Shutdown initiated...
[10:39:12:374] [INFO] - com.zaxxer.hikari.HikariDataSource.close(HikariDataSource.java:352) - imooc_mall_datasource - Shutdown completed.
[10:40:02:612] [INFO] - org.springframework.boot.StartupInfoLogger.logStarting(StartupInfoLogger.java:55) - Starting MallAppApplication on Jiawen-Desktop with PID 685160 (D:\SelfLearningProjects\MoocCode\MallApp\target\classes started by Jiawen in D:\SelfLearningProjects\MoocCode\MallApp)
[10:40:02:612] [INFO] - org.springframework.boot.SpringApplication.logStartupProfileInfo(SpringApplication.java:651) - No active profile set, falling back to default profiles: default
[10:40:03:318] [INFO] - org.springframework.context.support.PostProcessorRegistrationDelegate$BeanPostProcessorChecker.postProcessAfterInitialization(PostProcessorRegistrationDelegate.java:330) - Bean 'org.springframework.transaction.annotation.ProxyTransactionManagementConfiguration' of type [org.springframework.transaction.annotation.ProxyTransactionManagementConfiguration] is not eligible for getting processed by all BeanPostProcessors (for example: not eligible for auto-proxying)
[10:40:03:601] [INFO] - org.springframework.boot.web.embedded.tomcat.TomcatWebServer.initialize(TomcatWebServer.java:92) - Tomcat initialized with port(s): 8080 (http)
[10:40:03:616] [INFO] - org.apache.juli.logging.DirectJDKLog.log(DirectJDKLog.java:173) - Initializing ProtocolHandler ["http-nio-8080"]
[10:40:03:616] [INFO] - org.apache.juli.logging.DirectJDKLog.log(DirectJDKLog.java:173) - Starting service [Tomcat]
[10:40:03:616] [INFO] - org.apache.juli.logging.DirectJDKLog.log(DirectJDKLog.java:173) - Starting Servlet engine: [Apache Tomcat/9.0.27]
[10:40:03:616] [INFO] - org.apache.juli.logging.DirectJDKLog.log(DirectJDKLog.java:173) - Loaded APR based Apache Tomcat Native library [1.2.32] using APR version [1.7.0].
[10:40:03:616] [INFO] - org.apache.juli.logging.DirectJDKLog.log(DirectJDKLog.java:173) - APR capabilities: IPv6 [true], sendfile [true], accept filters [false], random [true].
[10:40:03:616] [INFO] - org.apache.juli.logging.DirectJDKLog.log(DirectJDKLog.java:173) - APR/OpenSSL configuration: useAprConnector [false], useOpenSSL [true]
[10:40:03:632] [INFO] - org.apache.juli.logging.DirectJDKLog.log(DirectJDKLog.java:173) - OpenSSL successfully initialized [OpenSSL 1.1.1n  15 Mar 2022]
[10:40:03:681] [INFO] - org.apache.juli.logging.DirectJDKLog.log(DirectJDKLog.java:173) - Initializing Spring embedded WebApplicationContext
[10:40:03:681] [INFO] - org.springframework.boot.web.servlet.context.ServletWebServerApplicationContext.prepareWebApplicationContext(ServletWebServerApplicationContext.java:284) - Root WebApplicationContext: initialization completed in 1038 ms
[10:40:04:197] [INFO] - springfox.documentation.spring.web.PropertySourcedRequestMappingHandlerMapping.initHandlerMethods(PropertySourcedRequestMappingHandlerMapping.java:69) - Mapped URL path [/v2/api-docs] onto method [springfox.documentation.swagger2.web.Swagger2Controller#getDocumentation(String, HttpServletRequest)]
[10:40:04:282] [INFO] - org.springframework.scheduling.concurrent.ExecutorConfigurationSupport.initialize(ExecutorConfigurationSupport.java:171) - Initializing ExecutorService 'applicationTaskExecutor'
[10:40:04:448] [INFO] - springfox.documentation.spring.web.plugins.DocumentationPluginsBootstrapper.start(DocumentationPluginsBootstrapper.java:160) - Context refreshed
[10:40:04:448] [INFO] - springfox.documentation.spring.web.plugins.DocumentationPluginsBootstrapper.start(DocumentationPluginsBootstrapper.java:163) - Found 1 custom documentation plugin(s)
[10:40:04:463] [INFO] - springfox.documentation.spring.web.scanners.ApiListingReferenceScanner.scan(ApiListingReferenceScanner.java:41) - Scanning for api listing references
[10:40:04:698] [INFO] - org.apache.juli.logging.DirectJDKLog.log(DirectJDKLog.java:173) - Starting ProtocolHandler ["http-nio-8080"]
[10:40:04:714] [INFO] - org.springframework.boot.web.embedded.tomcat.TomcatWebServer.start(TomcatWebServer.java:204) - Tomcat started on port(s): 8080 (http) with context path ''
[10:40:04:714] [INFO] - org.springframework.boot.StartupInfoLogger.logStarted(StartupInfoLogger.java:61) - Started MallAppApplication in 2.343 seconds (JVM running for 3.513)
[10:40:21:662] [INFO] - org.apache.juli.logging.DirectJDKLog.log(DirectJDKLog.java:173) - Initializing Spring DispatcherServlet 'dispatcherServlet'
[10:40:21:663] [INFO] - org.springframework.web.servlet.FrameworkServlet.initServletBean(FrameworkServlet.java:525) - Initializing Servlet 'dispatcherServlet'
[10:40:21:668] [INFO] - org.springframework.web.servlet.FrameworkServlet.initServletBean(FrameworkServlet.java:547) - Completed initialization in 5 ms
[10:40:21:815] [WARN] - org.apache.juli.logging.DirectJDKLog.log(DirectJDKLog.java:173) - Creation of SecureRandom instance for session ID generation using [SHA1PRNG] took [127] milliseconds.
[10:40:21:818] [INFO] - per.springbt.mallapp.filter.WebLogAspect.doBefore(WebLogAspect.java:32) - URL: /adminLogin
[10:40:21:818] [INFO] - per.springbt.mallapp.filter.WebLogAspect.doBefore(WebLogAspect.java:33) - HTTP_METHOD: POST
[10:40:21:818] [INFO] - per.springbt.mallapp.filter.WebLogAspect.doBefore(WebLogAspect.java:34) - IP: 0:0:0:0:0:0:0:1
[10:40:21:821] [INFO] - per.springbt.mallapp.filter.WebLogAspect.doBefore(WebLogAspect.java:35) - Class_METHOD: per.springbt.mallapp.controller.UserController.adminLogin
[10:40:21:821] [INFO] - per.springbt.mallapp.filter.WebLogAspect.doBefore(WebLogAspect.java:36) - ARGS: [jiawenAdmin, 123456789, org.apache.catalina.session.StandardSessionFacade@774d231b]
[10:40:21:846] [INFO] - com.zaxxer.hikari.HikariDataSource.getConnection(HikariDataSource.java:110) - imooc_mall_datasource - Starting...
[10:40:22:463] [INFO] - com.zaxxer.hikari.HikariDataSource.getConnection(HikariDataSource.java:123) - imooc_mall_datasource - Start completed.
[10:40:22:547] [INFO] - per.springbt.mallapp.filter.WebLogAspect.doAfter(WebLogAspect.java:41) - RESPONSE: {"status":10000,"msg":"SUCCESS","data":{"id":15,"username":"jiawenAdmin","password":null,"personalizedSignature":"","role":2,"createTime":1650512295000,"updateTime":1650512314000}}
[10:40:27:333] [INFO] - per.springbt.mallapp.filter.WebLogAspect.doBefore(WebLogAspect.java:32) - URL: /admin/category/update
[10:40:27:333] [INFO] - per.springbt.mallapp.filter.WebLogAspect.doBefore(WebLogAspect.java:33) - HTTP_METHOD: POST
[10:40:27:333] [INFO] - per.springbt.mallapp.filter.WebLogAspect.doBefore(WebLogAspect.java:34) - IP: 0:0:0:0:0:0:0:1
[10:40:27:333] [INFO] - per.springbt.mallapp.filter.WebLogAspect.doBefore(WebLogAspect.java:35) - Class_METHOD: per.springbt.mallapp.controller.CategoryController.update
[10:40:27:333] [INFO] - per.springbt.mallapp.filter.WebLogAspect.doBefore(WebLogAspect.java:36) - ARGS: [AddCategoryReq{name='鸭货', type=3, parentId=null, orderNum=null}, org.apache.catalina.session.StandardSessionFacade@774d231b]
[10:40:27:517] [INFO] - per.springbt.mallapp.filter.WebLogAspect.doAfter(WebLogAspect.java:41) - RESPONSE: {"status":10000,"msg":"SUCCESS","data":null}
[10:40:45:829] [INFO] - org.springframework.scheduling.concurrent.ExecutorConfigurationSupport.shutdown(ExecutorConfigurationSupport.java:208) - Shutting down ExecutorService 'applicationTaskExecutor'
[10:40:45:829] [INFO] - com.zaxxer.hikari.HikariDataSource.close(HikariDataSource.java:350) - imooc_mall_datasource - Shutdown initiated...
[10:40:45:844] [INFO] - com.zaxxer.hikari.HikariDataSource.close(HikariDataSource.java:352) - imooc_mall_datasource - Shutdown completed.
[10:44:24:769] [INFO] - org.springframework.boot.StartupInfoLogger.logStarting(StartupInfoLogger.java:55) - Starting MallAppApplication on Jiawen-Desktop with PID 686180 (D:\SelfLearningProjects\MoocCode\MallApp\target\classes started by Jiawen in D:\SelfLearningProjects\MoocCode\MallApp)
[10:44:24:769] [INFO] - org.springframework.boot.SpringApplication.logStartupProfileInfo(SpringApplication.java:651) - No active profile set, falling back to default profiles: default
[10:44:25:632] [INFO] - org.springframework.context.support.PostProcessorRegistrationDelegate$BeanPostProcessorChecker.postProcessAfterInitialization(PostProcessorRegistrationDelegate.java:330) - Bean 'org.springframework.transaction.annotation.ProxyTransactionManagementConfiguration' of type [org.springframework.transaction.annotation.ProxyTransactionManagementConfiguration] is not eligible for getting processed by all BeanPostProcessors (for example: not eligible for auto-proxying)
[10:44:25:993] [INFO] - org.springframework.boot.web.embedded.tomcat.TomcatWebServer.initialize(TomcatWebServer.java:92) - Tomcat initialized with port(s): 8080 (http)
[10:44:25:993] [INFO] - org.apache.juli.logging.DirectJDKLog.log(DirectJDKLog.java:173) - Initializing ProtocolHandler ["http-nio-8080"]
[10:44:25:993] [INFO] - org.apache.juli.logging.DirectJDKLog.log(DirectJDKLog.java:173) - Starting service [Tomcat]
[10:44:25:993] [INFO] - org.apache.juli.logging.DirectJDKLog.log(DirectJDKLog.java:173) - Starting Servlet engine: [Apache Tomcat/9.0.27]
[10:44:25:993] [INFO] - org.apache.juli.logging.DirectJDKLog.log(DirectJDKLog.java:173) - Loaded APR based Apache Tomcat Native library [1.2.32] using APR version [1.7.0].
[10:44:25:993] [INFO] - org.apache.juli.logging.DirectJDKLog.log(DirectJDKLog.java:173) - APR capabilities: IPv6 [true], sendfile [true], accept filters [false], random [true].
[10:44:25:993] [INFO] - org.apache.juli.logging.DirectJDKLog.log(DirectJDKLog.java:173) - APR/OpenSSL configuration: useAprConnector [false], useOpenSSL [true]
[10:44:26:026] [INFO] - org.apache.juli.logging.DirectJDKLog.log(DirectJDKLog.java:173) - OpenSSL successfully initialized [OpenSSL 1.1.1n  15 Mar 2022]
[10:44:26:103] [INFO] - org.apache.juli.logging.DirectJDKLog.log(DirectJDKLog.java:173) - Initializing Spring embedded WebApplicationContext
[10:44:26:103] [INFO] - org.springframework.boot.web.servlet.context.ServletWebServerApplicationContext.prepareWebApplicationContext(ServletWebServerApplicationContext.java:284) - Root WebApplicationContext: initialization completed in 1303 ms
[10:44:26:731] [INFO] - springfox.documentation.spring.web.PropertySourcedRequestMappingHandlerMapping.initHandlerMethods(PropertySourcedRequestMappingHandlerMapping.java:69) - Mapped URL path [/v2/api-docs] onto method [springfox.documentation.swagger2.web.Swagger2Controller#getDocumentation(String, HttpServletRequest)]
[10:44:26:828] [INFO] - org.springframework.scheduling.concurrent.ExecutorConfigurationSupport.initialize(ExecutorConfigurationSupport.java:171) - Initializing ExecutorService 'applicationTaskExecutor'
[10:44:26:998] [INFO] - springfox.documentation.spring.web.plugins.DocumentationPluginsBootstrapper.start(DocumentationPluginsBootstrapper.java:160) - Context refreshed
[10:44:27:014] [INFO] - springfox.documentation.spring.web.plugins.DocumentationPluginsBootstrapper.start(DocumentationPluginsBootstrapper.java:163) - Found 1 custom documentation plugin(s)
[10:44:27:030] [INFO] - springfox.documentation.spring.web.scanners.ApiListingReferenceScanner.scan(ApiListingReferenceScanner.java:41) - Scanning for api listing references
[10:44:27:265] [INFO] - org.apache.juli.logging.DirectJDKLog.log(DirectJDKLog.java:173) - Starting ProtocolHandler ["http-nio-8080"]
[10:44:27:281] [INFO] - org.springframework.boot.web.embedded.tomcat.TomcatWebServer.start(TomcatWebServer.java:204) - Tomcat started on port(s): 8080 (http) with context path ''
[10:44:27:281] [INFO] - org.springframework.boot.StartupInfoLogger.logStarted(StartupInfoLogger.java:61) - Started MallAppApplication in 2.82 seconds (JVM running for 4.06)
[10:44:45:234] [INFO] - org.apache.juli.logging.DirectJDKLog.log(DirectJDKLog.java:173) - Initializing Spring DispatcherServlet 'dispatcherServlet'
[10:44:45:234] [INFO] - org.springframework.web.servlet.FrameworkServlet.initServletBean(FrameworkServlet.java:525) - Initializing Servlet 'dispatcherServlet'
[10:44:45:250] [INFO] - org.springframework.web.servlet.FrameworkServlet.initServletBean(FrameworkServlet.java:547) - Completed initialization in 16 ms
[10:44:45:407] [WARN] - org.apache.juli.logging.DirectJDKLog.log(DirectJDKLog.java:173) - Creation of SecureRandom instance for session ID generation using [SHA1PRNG] took [139] milliseconds.
[10:44:45:423] [INFO] - per.springbt.mallapp.filter.WebLogAspect.doBefore(WebLogAspect.java:32) - URL: /adminLogin
[10:44:45:423] [INFO] - per.springbt.mallapp.filter.WebLogAspect.doBefore(WebLogAspect.java:33) - HTTP_METHOD: POST
[10:44:45:423] [INFO] - per.springbt.mallapp.filter.WebLogAspect.doBefore(WebLogAspect.java:34) - IP: 0:0:0:0:0:0:0:1
[10:44:45:423] [INFO] - per.springbt.mallapp.filter.WebLogAspect.doBefore(WebLogAspect.java:35) - Class_METHOD: per.springbt.mallapp.controller.UserController.adminLogin
[10:44:45:423] [INFO] - per.springbt.mallapp.filter.WebLogAspect.doBefore(WebLogAspect.java:36) - ARGS: [jiawenAdmin, 123456789, org.apache.catalina.session.StandardSessionFacade@655386e4]
[10:44:45:454] [INFO] - com.zaxxer.hikari.HikariDataSource.getConnection(HikariDataSource.java:110) - imooc_mall_datasource - Starting...
[10:44:46:073] [INFO] - com.zaxxer.hikari.HikariDataSource.getConnection(HikariDataSource.java:123) - imooc_mall_datasource - Start completed.
[10:44:46:142] [INFO] - per.springbt.mallapp.filter.WebLogAspect.doAfter(WebLogAspect.java:41) - RESPONSE: {"status":10000,"msg":"SUCCESS","data":{"id":15,"username":"jiawenAdmin","password":null,"personalizedSignature":"","role":2,"createTime":1650512295000,"updateTime":1650512314000}}
[10:44:55:771] [INFO] - per.springbt.mallapp.filter.WebLogAspect.doBefore(WebLogAspect.java:32) - URL: /admin/category/update
[10:44:55:771] [INFO] - per.springbt.mallapp.filter.WebLogAspect.doBefore(WebLogAspect.java:33) - HTTP_METHOD: POST
[10:44:55:772] [INFO] - per.springbt.mallapp.filter.WebLogAspect.doBefore(WebLogAspect.java:34) - IP: 0:0:0:0:0:0:0:1
[10:44:55:772] [INFO] - per.springbt.mallapp.filter.WebLogAspect.doBefore(WebLogAspect.java:35) - Class_METHOD: per.springbt.mallapp.controller.CategoryController.update
[10:44:55:772] [INFO] - per.springbt.mallapp.filter.WebLogAspect.doBefore(WebLogAspect.java:36) - ARGS: [AddCategoryReq{name='鸭货', type=2, parentId=null, orderNum=null}, org.apache.catalina.session.StandardSessionFacade@655386e4]
[10:44:55:995] [INFO] - per.springbt.mallapp.filter.WebLogAspect.doAfter(WebLogAspect.java:41) - RESPONSE: {"status":10000,"msg":"SUCCESS","data":null}
[10:45:09:222] [INFO] - org.springframework.scheduling.concurrent.ExecutorConfigurationSupport.shutdown(ExecutorConfigurationSupport.java:208) - Shutting down ExecutorService 'applicationTaskExecutor'
[10:45:09:222] [INFO] - com.zaxxer.hikari.HikariDataSource.close(HikariDataSource.java:350) - imooc_mall_datasource - Shutdown initiated...
[10:45:09:237] [INFO] - com.zaxxer.hikari.HikariDataSource.close(HikariDataSource.java:352) - imooc_mall_datasource - Shutdown completed.
[11:04:29:755] [INFO] - org.springframework.boot.StartupInfoLogger.logStarting(StartupInfoLogger.java:55) - Starting MallAppApplication on Jiawen-Desktop with PID 682408 (D:\SelfLearningProjects\MoocCode\MallApp\target\classes started by Jiawen in D:\SelfLearningProjects\MoocCode\MallApp)
[11:04:29:762] [INFO] - org.springframework.boot.SpringApplication.logStartupProfileInfo(SpringApplication.java:651) - No active profile set, falling back to default profiles: default
[11:04:31:319] [INFO] - org.springframework.context.support.PostProcessorRegistrationDelegate$BeanPostProcessorChecker.postProcessAfterInitialization(PostProcessorRegistrationDelegate.java:330) - Bean 'org.springframework.transaction.annotation.ProxyTransactionManagementConfiguration' of type [org.springframework.transaction.annotation.ProxyTransactionManagementConfiguration] is not eligible for getting processed by all BeanPostProcessors (for example: not eligible for auto-proxying)
[11:04:31:696] [INFO] - org.springframework.boot.web.embedded.tomcat.TomcatWebServer.initialize(TomcatWebServer.java:92) - Tomcat initialized with port(s): 8080 (http)
[11:04:31:696] [INFO] - org.apache.juli.logging.DirectJDKLog.log(DirectJDKLog.java:173) - Initializing ProtocolHandler ["http-nio-8080"]
[11:04:31:696] [INFO] - org.apache.juli.logging.DirectJDKLog.log(DirectJDKLog.java:173) - Starting service [Tomcat]
[11:04:31:696] [INFO] - org.apache.juli.logging.DirectJDKLog.log(DirectJDKLog.java:173) - Starting Servlet engine: [Apache Tomcat/9.0.27]
[11:04:31:711] [INFO] - org.apache.juli.logging.DirectJDKLog.log(DirectJDKLog.java:173) - Loaded APR based Apache Tomcat Native library [1.2.32] using APR version [1.7.0].
[11:04:31:711] [INFO] - org.apache.juli.logging.DirectJDKLog.log(DirectJDKLog.java:173) - APR capabilities: IPv6 [true], sendfile [true], accept filters [false], random [true].
[11:04:31:711] [INFO] - org.apache.juli.logging.DirectJDKLog.log(DirectJDKLog.java:173) - APR/OpenSSL configuration: useAprConnector [false], useOpenSSL [true]
[11:04:31:727] [INFO] - org.apache.juli.logging.DirectJDKLog.log(DirectJDKLog.java:173) - OpenSSL successfully initialized [OpenSSL 1.1.1n  15 Mar 2022]
[11:04:31:816] [INFO] - org.apache.juli.logging.DirectJDKLog.log(DirectJDKLog.java:173) - Initializing Spring embedded WebApplicationContext
[11:04:31:816] [INFO] - org.springframework.boot.web.servlet.context.ServletWebServerApplicationContext.prepareWebApplicationContext(ServletWebServerApplicationContext.java:284) - Root WebApplicationContext: initialization completed in 1947 ms
[11:04:32:620] [INFO] - springfox.documentation.spring.web.PropertySourcedRequestMappingHandlerMapping.initHandlerMethods(PropertySourcedRequestMappingHandlerMapping.java:69) - Mapped URL path [/v2/api-docs] onto method [springfox.documentation.swagger2.web.Swagger2Controller#getDocumentation(String, HttpServletRequest)]
[11:04:32:734] [INFO] - org.springframework.scheduling.concurrent.ExecutorConfigurationSupport.initialize(ExecutorConfigurationSupport.java:171) - Initializing ExecutorService 'applicationTaskExecutor'
[11:04:33:020] [INFO] - springfox.documentation.spring.web.plugins.DocumentationPluginsBootstrapper.start(DocumentationPluginsBootstrapper.java:160) - Context refreshed
[11:04:33:046] [INFO] - springfox.documentation.spring.web.plugins.DocumentationPluginsBootstrapper.start(DocumentationPluginsBootstrapper.java:163) - Found 1 custom documentation plugin(s)
[11:04:33:061] [INFO] - springfox.documentation.spring.web.scanners.ApiListingReferenceScanner.scan(ApiListingReferenceScanner.java:41) - Scanning for api listing references
[11:04:33:398] [INFO] - org.apache.juli.logging.DirectJDKLog.log(DirectJDKLog.java:173) - Starting ProtocolHandler ["http-nio-8080"]
[11:04:33:430] [INFO] - org.springframework.boot.web.embedded.tomcat.TomcatWebServer.start(TomcatWebServer.java:204) - Tomcat started on port(s): 8080 (http) with context path ''
[11:04:33:430] [INFO] - org.springframework.boot.StartupInfoLogger.logStarted(StartupInfoLogger.java:61) - Started MallAppApplication in 4.195 seconds (JVM running for 5.707)
[11:05:01:286] [INFO] - org.apache.juli.logging.DirectJDKLog.log(DirectJDKLog.java:173) - Initializing Spring DispatcherServlet 'dispatcherServlet'
[11:05:01:286] [INFO] - org.springframework.web.servlet.FrameworkServlet.initServletBean(FrameworkServlet.java:525) - Initializing Servlet 'dispatcherServlet'
[11:05:01:296] [INFO] - org.springframework.web.servlet.FrameworkServlet.initServletBean(FrameworkServlet.java:547) - Completed initialization in 10 ms
[11:05:01:432] [WARN] - org.apache.juli.logging.DirectJDKLog.log(DirectJDKLog.java:173) - Creation of SecureRandom instance for session ID generation using [SHA1PRNG] took [131] milliseconds.
[11:05:08:647] [INFO] - per.springbt.mallapp.filter.WebLogAspect.doBefore(WebLogAspect.java:32) - URL: /adminLogin
[11:05:08:648] [INFO] - per.springbt.mallapp.filter.WebLogAspect.doBefore(WebLogAspect.java:33) - HTTP_METHOD: POST
[11:05:08:648] [INFO] - per.springbt.mallapp.filter.WebLogAspect.doBefore(WebLogAspect.java:34) - IP: 0:0:0:0:0:0:0:1
[11:05:08:652] [INFO] - per.springbt.mallapp.filter.WebLogAspect.doBefore(WebLogAspect.java:35) - Class_METHOD: per.springbt.mallapp.controller.UserController.adminLogin
[11:05:08:652] [INFO] - per.springbt.mallapp.filter.WebLogAspect.doBefore(WebLogAspect.java:36) - ARGS: [jiawenAdmin, 123456789, org.apache.catalina.session.StandardSessionFacade@574e9513]
[11:05:08:681] [INFO] - com.zaxxer.hikari.HikariDataSource.getConnection(HikariDataSource.java:110) - imooc_mall_datasource - Starting...
[11:05:09:598] [INFO] - com.zaxxer.hikari.HikariDataSource.getConnection(HikariDataSource.java:123) - imooc_mall_datasource - Start completed.
[11:05:09:783] [INFO] - per.springbt.mallapp.filter.WebLogAspect.doAfter(WebLogAspect.java:41) - RESPONSE: {"status":10000,"msg":"SUCCESS","data":{"id":15,"username":"jiawenAdmin","password":null,"personalizedSignature":"","role":2,"createTime":1650512295000,"updateTime":1650512314000}}
[11:05:13:295] [INFO] - per.springbt.mallapp.filter.WebLogAspect.doBefore(WebLogAspect.java:32) - URL: /admin/category/delete
[11:05:13:295] [INFO] - per.springbt.mallapp.filter.WebLogAspect.doBefore(WebLogAspect.java:33) - HTTP_METHOD: POST
[11:05:13:295] [INFO] - per.springbt.mallapp.filter.WebLogAspect.doBefore(WebLogAspect.java:34) - IP: 0:0:0:0:0:0:0:1
[11:05:13:295] [INFO] - per.springbt.mallapp.filter.WebLogAspect.doBefore(WebLogAspect.java:35) - Class_METHOD: per.springbt.mallapp.controller.CategoryController.deleteCategory
[11:05:13:295] [INFO] - per.springbt.mallapp.filter.WebLogAspect.doBefore(WebLogAspect.java:36) - ARGS: []
[11:05:13:298] [INFO] - per.springbt.mallapp.filter.WebLogAspect.doAfter(WebLogAspect.java:41) - RESPONSE: null
[11:27:41:242] [INFO] - org.springframework.scheduling.concurrent.ExecutorConfigurationSupport.shutdown(ExecutorConfigurationSupport.java:208) - Shutting down ExecutorService 'applicationTaskExecutor'
[11:27:41:242] [INFO] - com.zaxxer.hikari.HikariDataSource.close(HikariDataSource.java:350) - imooc_mall_datasource - Shutdown initiated...
[11:27:41:289] [INFO] - com.zaxxer.hikari.HikariDataSource.close(HikariDataSource.java:352) - imooc_mall_datasource - Shutdown completed.
[11:28:10:565] [INFO] - org.springframework.boot.StartupInfoLogger.logStarting(StartupInfoLogger.java:55) - Starting MallAppApplication on Jiawen-Desktop with PID 692104 (D:\SelfLearningProjects\MoocCode\MallApp\target\classes started by Jiawen in D:\SelfLearningProjects\MoocCode\MallApp)
[11:28:10:567] [INFO] - org.springframework.boot.SpringApplication.logStartupProfileInfo(SpringApplication.java:651) - No active profile set, falling back to default profiles: default
[11:28:11:391] [INFO] - org.springframework.context.support.PostProcessorRegistrationDelegate$BeanPostProcessorChecker.postProcessAfterInitialization(PostProcessorRegistrationDelegate.java:330) - Bean 'org.springframework.transaction.annotation.ProxyTransactionManagementConfiguration' of type [org.springframework.transaction.annotation.ProxyTransactionManagementConfiguration] is not eligible for getting processed by all BeanPostProcessors (for example: not eligible for auto-proxying)
[11:28:11:783] [INFO] - org.springframework.boot.web.embedded.tomcat.TomcatWebServer.initialize(TomcatWebServer.java:92) - Tomcat initialized with port(s): 8080 (http)
[11:28:11:799] [INFO] - org.apache.juli.logging.DirectJDKLog.log(DirectJDKLog.java:173) - Initializing ProtocolHandler ["http-nio-8080"]
[11:28:11:799] [INFO] - org.apache.juli.logging.DirectJDKLog.log(DirectJDKLog.java:173) - Starting service [Tomcat]
[11:28:11:799] [INFO] - org.apache.juli.logging.DirectJDKLog.log(DirectJDKLog.java:173) - Starting Servlet engine: [Apache Tomcat/9.0.27]
[11:28:11:799] [INFO] - org.apache.juli.logging.DirectJDKLog.log(DirectJDKLog.java:173) - Loaded APR based Apache Tomcat Native library [1.2.32] using APR version [1.7.0].
[11:28:11:799] [INFO] - org.apache.juli.logging.DirectJDKLog.log(DirectJDKLog.java:173) - APR capabilities: IPv6 [true], sendfile [true], accept filters [false], random [true].
[11:28:11:799] [INFO] - org.apache.juli.logging.DirectJDKLog.log(DirectJDKLog.java:173) - APR/OpenSSL configuration: useAprConnector [false], useOpenSSL [true]
[11:28:11:830] [INFO] - org.apache.juli.logging.DirectJDKLog.log(DirectJDKLog.java:173) - OpenSSL successfully initialized [OpenSSL 1.1.1n  15 Mar 2022]
[11:28:11:877] [INFO] - org.apache.juli.logging.DirectJDKLog.log(DirectJDKLog.java:173) - Initializing Spring embedded WebApplicationContext
[11:28:11:877] [INFO] - org.springframework.boot.web.servlet.context.ServletWebServerApplicationContext.prepareWebApplicationContext(ServletWebServerApplicationContext.java:284) - Root WebApplicationContext: initialization completed in 1268 ms
[11:28:12:458] [INFO] - springfox.documentation.spring.web.PropertySourcedRequestMappingHandlerMapping.initHandlerMethods(PropertySourcedRequestMappingHandlerMapping.java:69) - Mapped URL path [/v2/api-docs] onto method [springfox.documentation.swagger2.web.Swagger2Controller#getDocumentation(String, HttpServletRequest)]
[11:28:12:552] [INFO] - org.springframework.scheduling.concurrent.ExecutorConfigurationSupport.initialize(ExecutorConfigurationSupport.java:171) - Initializing ExecutorService 'applicationTaskExecutor'
[11:28:12:725] [INFO] - springfox.documentation.spring.web.plugins.DocumentationPluginsBootstrapper.start(DocumentationPluginsBootstrapper.java:160) - Context refreshed
[11:28:12:740] [INFO] - springfox.documentation.spring.web.plugins.DocumentationPluginsBootstrapper.start(DocumentationPluginsBootstrapper.java:163) - Found 1 custom documentation plugin(s)
[11:28:12:756] [INFO] - springfox.documentation.spring.web.scanners.ApiListingReferenceScanner.scan(ApiListingReferenceScanner.java:41) - Scanning for api listing references
[11:28:12:976] [INFO] - org.apache.juli.logging.DirectJDKLog.log(DirectJDKLog.java:173) - Starting ProtocolHandler ["http-nio-8080"]
[11:28:12:991] [INFO] - org.springframework.boot.web.embedded.tomcat.TomcatWebServer.start(TomcatWebServer.java:204) - Tomcat started on port(s): 8080 (http) with context path ''
[11:28:12:991] [INFO] - org.springframework.boot.StartupInfoLogger.logStarted(StartupInfoLogger.java:61) - Started MallAppApplication in 2.842 seconds (JVM running for 4.463)
[11:28:43:371] [INFO] - org.apache.juli.logging.DirectJDKLog.log(DirectJDKLog.java:173) - Initializing Spring DispatcherServlet 'dispatcherServlet'
[11:28:43:371] [INFO] - org.springframework.web.servlet.FrameworkServlet.initServletBean(FrameworkServlet.java:525) - Initializing Servlet 'dispatcherServlet'
[11:28:43:380] [INFO] - org.springframework.web.servlet.FrameworkServlet.initServletBean(FrameworkServlet.java:547) - Completed initialization in 9 ms
[11:28:43:533] [WARN] - org.apache.juli.logging.DirectJDKLog.log(DirectJDKLog.java:173) - Creation of SecureRandom instance for session ID generation using [SHA1PRNG] took [131] milliseconds.
[11:28:43:536] [INFO] - per.springbt.mallapp.filter.WebLogAspect.doBefore(WebLogAspect.java:32) - URL: /adminLogin
[11:28:43:537] [INFO] - per.springbt.mallapp.filter.WebLogAspect.doBefore(WebLogAspect.java:33) - HTTP_METHOD: POST
[11:28:43:537] [INFO] - per.springbt.mallapp.filter.WebLogAspect.doBefore(WebLogAspect.java:34) - IP: 0:0:0:0:0:0:0:1
[11:28:43:539] [INFO] - per.springbt.mallapp.filter.WebLogAspect.doBefore(WebLogAspect.java:35) - Class_METHOD: per.springbt.mallapp.controller.UserController.adminLogin
[11:28:43:540] [INFO] - per.springbt.mallapp.filter.WebLogAspect.doBefore(WebLogAspect.java:36) - ARGS: [jiawenAdmin, 123456789, org.apache.catalina.session.StandardSessionFacade@5946360b]
[11:28:43:572] [INFO] - com.zaxxer.hikari.HikariDataSource.getConnection(HikariDataSource.java:110) - imooc_mall_datasource - Starting...
[11:28:44:235] [INFO] - com.zaxxer.hikari.HikariDataSource.getConnection(HikariDataSource.java:123) - imooc_mall_datasource - Start completed.
[11:28:44:325] [INFO] - per.springbt.mallapp.filter.WebLogAspect.doAfter(WebLogAspect.java:41) - RESPONSE: {"status":10000,"msg":"SUCCESS","data":{"id":15,"username":"jiawenAdmin","password":null,"personalizedSignature":"","role":2,"createTime":1650512295000,"updateTime":1650512314000}}
[11:29:03:948] [INFO] - per.springbt.mallapp.filter.WebLogAspect.doBefore(WebLogAspect.java:32) - URL: /admin/category/delete
[11:29:03:948] [INFO] - per.springbt.mallapp.filter.WebLogAspect.doBefore(WebLogAspect.java:33) - HTTP_METHOD: POST
[11:29:03:948] [INFO] - per.springbt.mallapp.filter.WebLogAspect.doBefore(WebLogAspect.java:34) - IP: 0:0:0:0:0:0:0:1
[11:29:03:948] [INFO] - per.springbt.mallapp.filter.WebLogAspect.doBefore(WebLogAspect.java:35) - Class_METHOD: per.springbt.mallapp.controller.CategoryController.deleteCategory
[11:29:03:948] [INFO] - per.springbt.mallapp.filter.WebLogAspect.doBefore(WebLogAspect.java:36) - ARGS: [29]
[11:29:04:202] [INFO] - per.springbt.mallapp.filter.WebLogAspect.doAfter(WebLogAspect.java:41) - RESPONSE: {"status":10000,"msg":"SUCCESS","data":null}
[11:29:17:435] [INFO] - org.springframework.scheduling.concurrent.ExecutorConfigurationSupport.shutdown(ExecutorConfigurationSupport.java:208) - Shutting down ExecutorService 'applicationTaskExecutor'
[11:29:17:435] [INFO] - com.zaxxer.hikari.HikariDataSource.close(HikariDataSource.java:350) - imooc_mall_datasource - Shutdown initiated...
[11:29:17:435] [INFO] - com.zaxxer.hikari.HikariDataSource.close(HikariDataSource.java:352) - imooc_mall_datasource - Shutdown completed.
[11:46:44:190] [INFO] - org.springframework.boot.StartupInfoLogger.logStarting(StartupInfoLogger.java:55) - Starting MallAppApplication on Jiawen-Desktop with PID 693868 (D:\SelfLearningProjects\MoocCode\MallApp\target\classes started by Jiawen in D:\SelfLearningProjects\MoocCode\MallApp)
[11:46:44:190] [INFO] - org.springframework.boot.SpringApplication.logStartupProfileInfo(SpringApplication.java:651) - No active profile set, falling back to default profiles: default
[11:46:44:943] [INFO] - org.springframework.context.support.PostProcessorRegistrationDelegate$BeanPostProcessorChecker.postProcessAfterInitialization(PostProcessorRegistrationDelegate.java:330) - Bean 'org.springframework.transaction.annotation.ProxyTransactionManagementConfiguration' of type [org.springframework.transaction.annotation.ProxyTransactionManagementConfiguration] is not eligible for getting processed by all BeanPostProcessors (for example: not eligible for auto-proxying)
[11:46:45:226] [INFO] - org.springframework.boot.web.embedded.tomcat.TomcatWebServer.initialize(TomcatWebServer.java:92) - Tomcat initialized with port(s): 8080 (http)
[11:46:45:226] [INFO] - org.apache.juli.logging.DirectJDKLog.log(DirectJDKLog.java:173) - Initializing ProtocolHandler ["http-nio-8080"]
[11:46:45:226] [INFO] - org.apache.juli.logging.DirectJDKLog.log(DirectJDKLog.java:173) - Starting service [Tomcat]
[11:46:45:226] [INFO] - org.apache.juli.logging.DirectJDKLog.log(DirectJDKLog.java:173) - Starting Servlet engine: [Apache Tomcat/9.0.27]
[11:46:45:241] [INFO] - org.apache.juli.logging.DirectJDKLog.log(DirectJDKLog.java:173) - Loaded APR based Apache Tomcat Native library [1.2.32] using APR version [1.7.0].
[11:46:45:241] [INFO] - org.apache.juli.logging.DirectJDKLog.log(DirectJDKLog.java:173) - APR capabilities: IPv6 [true], sendfile [true], accept filters [false], random [true].
[11:46:45:241] [INFO] - org.apache.juli.logging.DirectJDKLog.log(DirectJDKLog.java:173) - APR/OpenSSL configuration: useAprConnector [false], useOpenSSL [true]
[11:46:45:257] [INFO] - org.apache.juli.logging.DirectJDKLog.log(DirectJDKLog.java:173) - OpenSSL successfully initialized [OpenSSL 1.1.1n  15 Mar 2022]
[11:46:45:320] [INFO] - org.apache.juli.logging.DirectJDKLog.log(DirectJDKLog.java:173) - Initializing Spring embedded WebApplicationContext
[11:46:45:320] [INFO] - org.springframework.boot.web.servlet.context.ServletWebServerApplicationContext.prepareWebApplicationContext(ServletWebServerApplicationContext.java:284) - Root WebApplicationContext: initialization completed in 1099 ms
[11:46:45:916] [INFO] - springfox.documentation.spring.web.PropertySourcedRequestMappingHandlerMapping.initHandlerMethods(PropertySourcedRequestMappingHandlerMapping.java:69) - Mapped URL path [/v2/api-docs] onto method [springfox.documentation.swagger2.web.Swagger2Controller#getDocumentation(String, HttpServletRequest)]
[11:46:46:025] [INFO] - org.springframework.scheduling.concurrent.ExecutorConfigurationSupport.initialize(ExecutorConfigurationSupport.java:171) - Initializing ExecutorService 'applicationTaskExecutor'
[11:46:46:214] [INFO] - springfox.documentation.spring.web.plugins.DocumentationPluginsBootstrapper.start(DocumentationPluginsBootstrapper.java:160) - Context refreshed
[11:46:46:229] [INFO] - springfox.documentation.spring.web.plugins.DocumentationPluginsBootstrapper.start(DocumentationPluginsBootstrapper.java:163) - Found 1 custom documentation plugin(s)
[11:46:46:245] [INFO] - springfox.documentation.spring.web.scanners.ApiListingReferenceScanner.scan(ApiListingReferenceScanner.java:41) - Scanning for api listing references
[11:46:46:465] [INFO] - org.apache.juli.logging.DirectJDKLog.log(DirectJDKLog.java:173) - Starting ProtocolHandler ["http-nio-8080"]
[11:46:46:488] [INFO] - org.springframework.boot.web.embedded.tomcat.TomcatWebServer.start(TomcatWebServer.java:204) - Tomcat started on port(s): 8080 (http) with context path ''
[11:46:46:496] [INFO] - org.springframework.boot.StartupInfoLogger.logStarted(StartupInfoLogger.java:61) - Started MallAppApplication in 2.563 seconds (JVM running for 3.783)
[11:46:54:039] [INFO] - org.apache.juli.logging.DirectJDKLog.log(DirectJDKLog.java:173) - Initializing Spring DispatcherServlet 'dispatcherServlet'
[11:46:54:039] [INFO] - org.springframework.web.servlet.FrameworkServlet.initServletBean(FrameworkServlet.java:525) - Initializing Servlet 'dispatcherServlet'
[11:46:54:054] [INFO] - org.springframework.web.servlet.FrameworkServlet.initServletBean(FrameworkServlet.java:547) - Completed initialization in 15 ms
[11:46:54:211] [WARN] - org.apache.juli.logging.DirectJDKLog.log(DirectJDKLog.java:173) - Creation of SecureRandom instance for session ID generation using [SHA1PRNG] took [141] milliseconds.
[11:46:54:211] [INFO] - per.springbt.mallapp.filter.WebLogAspect.doBefore(WebLogAspect.java:32) - URL: /adminLogin
[11:46:54:211] [INFO] - per.springbt.mallapp.filter.WebLogAspect.doBefore(WebLogAspect.java:33) - HTTP_METHOD: POST
[11:46:54:211] [INFO] - per.springbt.mallapp.filter.WebLogAspect.doBefore(WebLogAspect.java:34) - IP: 0:0:0:0:0:0:0:1
[11:46:54:220] [INFO] - per.springbt.mallapp.filter.WebLogAspect.doBefore(WebLogAspect.java:35) - Class_METHOD: per.springbt.mallapp.controller.UserController.adminLogin
[11:46:54:220] [INFO] - per.springbt.mallapp.filter.WebLogAspect.doBefore(WebLogAspect.java:36) - ARGS: [jiawenAdmin, 123456789, org.apache.catalina.session.StandardSessionFacade@3703b503]
[11:46:54:242] [INFO] - com.zaxxer.hikari.HikariDataSource.getConnection(HikariDataSource.java:110) - imooc_mall_datasource - Starting...
[11:46:54:900] [INFO] - com.zaxxer.hikari.HikariDataSource.getConnection(HikariDataSource.java:123) - imooc_mall_datasource - Start completed.
[11:46:54:974] [INFO] - per.springbt.mallapp.filter.WebLogAspect.doAfter(WebLogAspect.java:41) - RESPONSE: {"status":10000,"msg":"SUCCESS","data":{"id":15,"username":"jiawenAdmin","password":null,"personalizedSignature":"","role":2,"createTime":1650512295000,"updateTime":1650512314000}}
[11:46:59:154] [INFO] - per.springbt.mallapp.filter.WebLogAspect.doBefore(WebLogAspect.java:32) - URL: /admin/category/list
[11:46:59:154] [INFO] - per.springbt.mallapp.filter.WebLogAspect.doBefore(WebLogAspect.java:33) - HTTP_METHOD: POST
[11:46:59:155] [INFO] - per.springbt.mallapp.filter.WebLogAspect.doBefore(WebLogAspect.java:34) - IP: 0:0:0:0:0:0:0:1
[11:46:59:155] [INFO] - per.springbt.mallapp.filter.WebLogAspect.doBefore(WebLogAspect.java:35) - Class_METHOD: per.springbt.mallapp.controller.CategoryController.listCategoryForAdmin
[11:46:59:156] [INFO] - per.springbt.mallapp.filter.WebLogAspect.doBefore(WebLogAspect.java:36) - ARGS: [1, 10]
[11:46:59:233] [INFO] - per.springbt.mallapp.filter.WebLogAspect.doAfter(WebLogAspect.java:41) - RESPONSE: {"status":10000,"msg":"SUCCESS","data":{"total":19,"list":[{"id":3,"name":"新鲜水果","type":1,"parentId":0,"orderNum":1,"createTime":1576649820000,"updateTime":1577571086000},{"id":5,"name":"海鲜水产","type":1,"parentId":0,"orderNum":2,"createTime":1576649820000,"updateTime":1577568320000},{"id":6,"name":"精选肉类","type":1,"parentId":0,"orderNum":3,"createTime":1576649820000,"updateTime":1577568321000},{"id":9,"name":"冷饮冻食","type":1,"parentId":0,"orderNum":4,"createTime":1576867528000,"updateTime":1577568322000},{"id":10,"name":"蔬菜蛋品","type":1,"parentId":0,"orderNum":5,"createTime":1576867528000,"updateTime":1577568323000},{"id":27,"name":"美味菌菇","type":1,"parentId":0,"orderNum":7,"createTime":1576867528000,"updateTime":1581394836000},{"id":4,"name":"橘子橙子","type":2,"parentId":3,"orderNum":1,"createTime":1576649820000,"updateTime":1577568310000},{"id":7,"name":"螃蟹","type":2,"parentId":5,"orderNum":1,"createTime":1576649820000,"updateTime":1577568315000},{"id":17,"name":"冰淇淋","type":2,"parentId":9,"orderNum":1,"createTime":1576649820000,"updateTime":1577568318000},{"id":16,"name":"牛羊肉","type":2,"parentId":6,"orderNum":1,"createTime":1576649820000,"updateTime":1577568318000}],"pageNum":1,"pageSize":10,"size":10,"startRow":1,"endRow":10,"pages":2,"prePage":0,"nextPage":2,"isFirstPage":true,"isLastPage":false,"hasPreviousPage":false,"hasNextPage":true,"navigatePages":8,"navigatepageNums":[1,2],"navigateFirstPage":1,"navigateLastPage":2}}
[11:50:41:854] [INFO] - org.springframework.scheduling.concurrent.ExecutorConfigurationSupport.shutdown(ExecutorConfigurationSupport.java:208) - Shutting down ExecutorService 'applicationTaskExecutor'
[11:50:41:854] [INFO] - com.zaxxer.hikari.HikariDataSource.close(HikariDataSource.java:350) - imooc_mall_datasource - Shutdown initiated...
[11:50:41:885] [INFO] - com.zaxxer.hikari.HikariDataSource.close(HikariDataSource.java:352) - imooc_mall_datasource - Shutdown completed.
[12:15:49:717] [INFO] - org.springframework.boot.StartupInfoLogger.logStarting(StartupInfoLogger.java:55) - Starting MallAppApplication on Jiawen-Desktop with PID 696672 (D:\SelfLearningProjects\MoocCode\MallApp\target\classes started by Jiawen in D:\SelfLearningProjects\MoocCode\MallApp)
[12:15:49:730] [INFO] - org.springframework.boot.SpringApplication.logStartupProfileInfo(SpringApplication.java:651) - No active profile set, falling back to default profiles: default
[12:15:51:696] [INFO] - org.springframework.context.support.PostProcessorRegistrationDelegate$BeanPostProcessorChecker.postProcessAfterInitialization(PostProcessorRegistrationDelegate.java:330) - Bean 'org.springframework.transaction.annotation.ProxyTransactionManagementConfiguration' of type [org.springframework.transaction.annotation.ProxyTransactionManagementConfiguration] is not eligible for getting processed by all BeanPostProcessors (for example: not eligible for auto-proxying)
[12:15:52:052] [INFO] - org.springframework.boot.web.embedded.tomcat.TomcatWebServer.initialize(TomcatWebServer.java:92) - Tomcat initialized with port(s): 8080 (http)
[12:15:52:060] [INFO] - org.apache.juli.logging.DirectJDKLog.log(DirectJDKLog.java:173) - Initializing ProtocolHandler ["http-nio-8080"]
[12:15:52:061] [INFO] - org.apache.juli.logging.DirectJDKLog.log(DirectJDKLog.java:173) - Starting service [Tomcat]
[12:15:52:061] [INFO] - org.apache.juli.logging.DirectJDKLog.log(DirectJDKLog.java:173) - Starting Servlet engine: [Apache Tomcat/9.0.27]
[12:15:52:063] [INFO] - org.apache.juli.logging.DirectJDKLog.log(DirectJDKLog.java:173) - Loaded APR based Apache Tomcat Native library [1.2.32] using APR version [1.7.0].
[12:15:52:063] [INFO] - org.apache.juli.logging.DirectJDKLog.log(DirectJDKLog.java:173) - APR capabilities: IPv6 [true], sendfile [true], accept filters [false], random [true].
[12:15:52:063] [INFO] - org.apache.juli.logging.DirectJDKLog.log(DirectJDKLog.java:173) - APR/OpenSSL configuration: useAprConnector [false], useOpenSSL [true]
[12:15:52:088] [INFO] - org.apache.juli.logging.DirectJDKLog.log(DirectJDKLog.java:173) - OpenSSL successfully initialized [OpenSSL 1.1.1n  15 Mar 2022]
[12:15:52:145] [INFO] - org.apache.juli.logging.DirectJDKLog.log(DirectJDKLog.java:173) - Initializing Spring embedded WebApplicationContext
[12:15:52:145] [INFO] - org.springframework.boot.web.servlet.context.ServletWebServerApplicationContext.prepareWebApplicationContext(ServletWebServerApplicationContext.java:284) - Root WebApplicationContext: initialization completed in 2321 ms
[12:15:53:063] [INFO] - springfox.documentation.spring.web.PropertySourcedRequestMappingHandlerMapping.initHandlerMethods(PropertySourcedRequestMappingHandlerMapping.java:69) - Mapped URL path [/v2/api-docs] onto method [springfox.documentation.swagger2.web.Swagger2Controller#getDocumentation(String, HttpServletRequest)]
[12:15:53:166] [INFO] - org.springframework.scheduling.concurrent.ExecutorConfigurationSupport.initialize(ExecutorConfigurationSupport.java:171) - Initializing ExecutorService 'applicationTaskExecutor'
[12:15:53:378] [INFO] - springfox.documentation.spring.web.plugins.DocumentationPluginsBootstrapper.start(DocumentationPluginsBootstrapper.java:160) - Context refreshed
[12:15:53:391] [INFO] - springfox.documentation.spring.web.plugins.DocumentationPluginsBootstrapper.start(DocumentationPluginsBootstrapper.java:163) - Found 1 custom documentation plugin(s)
[12:15:53:411] [INFO] - springfox.documentation.spring.web.scanners.ApiListingReferenceScanner.scan(ApiListingReferenceScanner.java:41) - Scanning for api listing references
[12:15:53:657] [INFO] - org.apache.juli.logging.DirectJDKLog.log(DirectJDKLog.java:173) - Starting ProtocolHandler ["http-nio-8080"]
[12:15:53:690] [INFO] - org.springframework.boot.web.embedded.tomcat.TomcatWebServer.start(TomcatWebServer.java:204) - Tomcat started on port(s): 8080 (http) with context path ''
[12:15:53:702] [INFO] - org.springframework.boot.StartupInfoLogger.logStarted(StartupInfoLogger.java:61) - Started MallAppApplication in 4.575 seconds (JVM running for 6.465)
[12:16:14:147] [INFO] - org.apache.juli.logging.DirectJDKLog.log(DirectJDKLog.java:173) - Initializing Spring DispatcherServlet 'dispatcherServlet'
[12:16:14:148] [INFO] - org.springframework.web.servlet.FrameworkServlet.initServletBean(FrameworkServlet.java:525) - Initializing Servlet 'dispatcherServlet'
[12:16:14:162] [INFO] - org.springframework.web.servlet.FrameworkServlet.initServletBean(FrameworkServlet.java:547) - Completed initialization in 14 ms
[12:16:14:186] [INFO] - per.springbt.mallapp.filter.WebLogAspect.doBefore(WebLogAspect.java:32) - URL: /category/list
[12:16:14:186] [INFO] - per.springbt.mallapp.filter.WebLogAspect.doBefore(WebLogAspect.java:33) - HTTP_METHOD: POST
[12:16:14:186] [INFO] - per.springbt.mallapp.filter.WebLogAspect.doBefore(WebLogAspect.java:34) - IP: 0:0:0:0:0:0:0:1
[12:16:14:190] [INFO] - per.springbt.mallapp.filter.WebLogAspect.doBefore(WebLogAspect.java:35) - Class_METHOD: per.springbt.mallapp.controller.CategoryController.listCategoryForCustomer
[12:16:14:191] [INFO] - per.springbt.mallapp.filter.WebLogAspect.doBefore(WebLogAspect.java:36) - ARGS: []
[12:16:14:218] [INFO] - com.zaxxer.hikari.HikariDataSource.getConnection(HikariDataSource.java:110) - imooc_mall_datasource - Starting...
[12:16:14:951] [INFO] - com.zaxxer.hikari.HikariDataSource.getConnection(HikariDataSource.java:123) - imooc_mall_datasource - Start completed.
[12:17:06:140] [WARN] - org.apache.juli.logging.DirectJDKLog.log(DirectJDKLog.java:173) - Creation of SecureRandom instance for session ID generation using [SHA1PRNG] took [131] milliseconds.
[12:17:06:145] [INFO] - per.springbt.mallapp.filter.WebLogAspect.doBefore(WebLogAspect.java:32) - URL: /login
[12:17:06:145] [INFO] - per.springbt.mallapp.filter.WebLogAspect.doBefore(WebLogAspect.java:33) - HTTP_METHOD: POST
[12:17:06:145] [INFO] - per.springbt.mallapp.filter.WebLogAspect.doBefore(WebLogAspect.java:34) - IP: 0:0:0:0:0:0:0:1
[12:17:06:145] [INFO] - per.springbt.mallapp.filter.WebLogAspect.doBefore(WebLogAspect.java:35) - Class_METHOD: per.springbt.mallapp.controller.UserController.login
[12:17:06:145] [INFO] - per.springbt.mallapp.filter.WebLogAspect.doBefore(WebLogAspect.java:36) - ARGS: [jiawenAdmin, 123456789, org.apache.catalina.session.StandardSessionFacade@299547f]
[12:17:06:197] [INFO] - per.springbt.mallapp.filter.WebLogAspect.doAfter(WebLogAspect.java:41) - RESPONSE: {"status":10000,"msg":"SUCCESS","data":{"id":15,"username":"jiawenAdmin","password":null,"personalizedSignature":"","role":2,"createTime":1650512295000,"updateTime":1650512314000}}
[12:17:16:430] [INFO] - org.springframework.scheduling.concurrent.ExecutorConfigurationSupport.shutdown(ExecutorConfigurationSupport.java:208) - Shutting down ExecutorService 'applicationTaskExecutor'
[12:17:16:430] [INFO] - com.zaxxer.hikari.HikariDataSource.close(HikariDataSource.java:350) - imooc_mall_datasource - Shutdown initiated...
[12:17:16:492] [INFO] - com.zaxxer.hikari.HikariDataSource.close(HikariDataSource.java:352) - imooc_mall_datasource - Shutdown completed.
[12:20:03:774] [INFO] - org.springframework.boot.StartupInfoLogger.logStarting(StartupInfoLogger.java:55) - Starting MallAppApplication on Jiawen-Desktop with PID 697896 (D:\SelfLearningProjects\MoocCode\MallApp\target\classes started by Jiawen in D:\SelfLearningProjects\MoocCode\MallApp)
[12:20:03:774] [INFO] - org.springframework.boot.SpringApplication.logStartupProfileInfo(SpringApplication.java:651) - No active profile set, falling back to default profiles: default
[12:20:04:542] [INFO] - org.springframework.context.support.PostProcessorRegistrationDelegate$BeanPostProcessorChecker.postProcessAfterInitialization(PostProcessorRegistrationDelegate.java:330) - Bean 'org.springframework.transaction.annotation.ProxyTransactionManagementConfiguration' of type [org.springframework.transaction.annotation.ProxyTransactionManagementConfiguration] is not eligible for getting processed by all BeanPostProcessors (for example: not eligible for auto-proxying)
[12:20:04:824] [INFO] - org.springframework.boot.web.embedded.tomcat.TomcatWebServer.initialize(TomcatWebServer.java:92) - Tomcat initialized with port(s): 8080 (http)
[12:20:04:840] [INFO] - org.apache.juli.logging.DirectJDKLog.log(DirectJDKLog.java:173) - Initializing ProtocolHandler ["http-nio-8080"]
[12:20:04:840] [INFO] - org.apache.juli.logging.DirectJDKLog.log(DirectJDKLog.java:173) - Starting service [Tomcat]
[12:20:04:840] [INFO] - org.apache.juli.logging.DirectJDKLog.log(DirectJDKLog.java:173) - Starting Servlet engine: [Apache Tomcat/9.0.27]
[12:20:04:840] [INFO] - org.apache.juli.logging.DirectJDKLog.log(DirectJDKLog.java:173) - Loaded APR based Apache Tomcat Native library [1.2.32] using APR version [1.7.0].
[12:20:04:840] [INFO] - org.apache.juli.logging.DirectJDKLog.log(DirectJDKLog.java:173) - APR capabilities: IPv6 [true], sendfile [true], accept filters [false], random [true].
[12:20:04:840] [INFO] - org.apache.juli.logging.DirectJDKLog.log(DirectJDKLog.java:173) - APR/OpenSSL configuration: useAprConnector [false], useOpenSSL [true]
[12:20:04:859] [INFO] - org.apache.juli.logging.DirectJDKLog.log(DirectJDKLog.java:173) - OpenSSL successfully initialized [OpenSSL 1.1.1n  15 Mar 2022]
[12:20:04:919] [INFO] - org.apache.juli.logging.DirectJDKLog.log(DirectJDKLog.java:173) - Initializing Spring embedded WebApplicationContext
[12:20:04:919] [INFO] - org.springframework.boot.web.servlet.context.ServletWebServerApplicationContext.prepareWebApplicationContext(ServletWebServerApplicationContext.java:284) - Root WebApplicationContext: initialization completed in 1114 ms
[12:20:05:546] [INFO] - springfox.documentation.spring.web.PropertySourcedRequestMappingHandlerMapping.initHandlerMethods(PropertySourcedRequestMappingHandlerMapping.java:69) - Mapped URL path [/v2/api-docs] onto method [springfox.documentation.swagger2.web.Swagger2Controller#getDocumentation(String, HttpServletRequest)]
[12:20:05:640] [INFO] - org.springframework.scheduling.concurrent.ExecutorConfigurationSupport.initialize(ExecutorConfigurationSupport.java:171) - Initializing ExecutorService 'applicationTaskExecutor'
[12:20:05:828] [INFO] - springfox.documentation.spring.web.plugins.DocumentationPluginsBootstrapper.start(DocumentationPluginsBootstrapper.java:160) - Context refreshed
[12:20:05:844] [INFO] - springfox.documentation.spring.web.plugins.DocumentationPluginsBootstrapper.start(DocumentationPluginsBootstrapper.java:163) - Found 1 custom documentation plugin(s)
[12:20:05:861] [INFO] - springfox.documentation.spring.web.scanners.ApiListingReferenceScanner.scan(ApiListingReferenceScanner.java:41) - Scanning for api listing references
[12:20:06:095] [INFO] - org.apache.juli.logging.DirectJDKLog.log(DirectJDKLog.java:173) - Starting ProtocolHandler ["http-nio-8080"]
[12:20:06:095] [INFO] - org.springframework.boot.web.embedded.tomcat.TomcatWebServer.start(TomcatWebServer.java:204) - Tomcat started on port(s): 8080 (http) with context path ''
[12:20:06:111] [INFO] - org.springframework.boot.StartupInfoLogger.logStarted(StartupInfoLogger.java:61) - Started MallAppApplication in 2.592 seconds (JVM running for 3.817)
[12:20:46:208] [INFO] - org.apache.juli.logging.DirectJDKLog.log(DirectJDKLog.java:173) - Initializing Spring DispatcherServlet 'dispatcherServlet'
[12:20:46:208] [INFO] - org.springframework.web.servlet.FrameworkServlet.initServletBean(FrameworkServlet.java:525) - Initializing Servlet 'dispatcherServlet'
[12:20:46:219] [INFO] - org.springframework.web.servlet.FrameworkServlet.initServletBean(FrameworkServlet.java:547) - Completed initialization in 11 ms
[12:20:46:234] [INFO] - per.springbt.mallapp.filter.WebLogAspect.doBefore(WebLogAspect.java:32) - URL: /category/list
[12:20:46:234] [INFO] - per.springbt.mallapp.filter.WebLogAspect.doBefore(WebLogAspect.java:33) - HTTP_METHOD: POST
[12:20:46:235] [INFO] - per.springbt.mallapp.filter.WebLogAspect.doBefore(WebLogAspect.java:34) - IP: 0:0:0:0:0:0:0:1
[12:20:46:237] [INFO] - per.springbt.mallapp.filter.WebLogAspect.doBefore(WebLogAspect.java:35) - Class_METHOD: per.springbt.mallapp.controller.CategoryController.listCategoryForCustomer
[12:20:46:238] [INFO] - per.springbt.mallapp.filter.WebLogAspect.doBefore(WebLogAspect.java:36) - ARGS: []
[12:20:46:262] [INFO] - com.zaxxer.hikari.HikariDataSource.getConnection(HikariDataSource.java:110) - imooc_mall_datasource - Starting...
[12:20:46:915] [INFO] - com.zaxxer.hikari.HikariDataSource.getConnection(HikariDataSource.java:123) - imooc_mall_datasource - Start completed.
[12:23:24:229] [INFO] - org.springframework.scheduling.concurrent.ExecutorConfigurationSupport.shutdown(ExecutorConfigurationSupport.java:208) - Shutting down ExecutorService 'applicationTaskExecutor'
[12:23:24:229] [INFO] - com.zaxxer.hikari.HikariDataSource.close(HikariDataSource.java:350) - imooc_mall_datasource - Shutdown initiated...
[12:23:24:245] [INFO] - com.zaxxer.hikari.HikariDataSource.close(HikariDataSource.java:352) - imooc_mall_datasource - Shutdown completed.
[12:26:21:764] [INFO] - org.springframework.boot.StartupInfoLogger.logStarting(StartupInfoLogger.java:55) - Starting MallAppApplication on Jiawen-Desktop with PID 691428 (D:\SelfLearningProjects\MoocCode\MallApp\target\classes started by Jiawen in D:\SelfLearningProjects\MoocCode\MallApp)
[12:26:21:764] [INFO] - org.springframework.boot.SpringApplication.logStartupProfileInfo(SpringApplication.java:651) - No active profile set, falling back to default profiles: default
[12:26:22:595] [INFO] - org.springframework.context.support.PostProcessorRegistrationDelegate$BeanPostProcessorChecker.postProcessAfterInitialization(PostProcessorRegistrationDelegate.java:330) - Bean 'org.springframework.transaction.annotation.ProxyTransactionManagementConfiguration' of type [org.springframework.transaction.annotation.ProxyTransactionManagementConfiguration] is not eligible for getting processed by all BeanPostProcessors (for example: not eligible for auto-proxying)
[12:26:22:988] [INFO] - org.springframework.boot.web.embedded.tomcat.TomcatWebServer.initialize(TomcatWebServer.java:92) - Tomcat initialized with port(s): 8080 (http)
[12:26:22:988] [INFO] - org.apache.juli.logging.DirectJDKLog.log(DirectJDKLog.java:173) - Initializing ProtocolHandler ["http-nio-8080"]
[12:26:22:988] [INFO] - org.apache.juli.logging.DirectJDKLog.log(DirectJDKLog.java:173) - Starting service [Tomcat]
[12:26:22:988] [INFO] - org.apache.juli.logging.DirectJDKLog.log(DirectJDKLog.java:173) - Starting Servlet engine: [Apache Tomcat/9.0.27]
[12:26:22:988] [INFO] - org.apache.juli.logging.DirectJDKLog.log(DirectJDKLog.java:173) - Loaded APR based Apache Tomcat Native library [1.2.32] using APR version [1.7.0].
[12:26:22:988] [INFO] - org.apache.juli.logging.DirectJDKLog.log(DirectJDKLog.java:173) - APR capabilities: IPv6 [true], sendfile [true], accept filters [false], random [true].
[12:26:22:988] [INFO] - org.apache.juli.logging.DirectJDKLog.log(DirectJDKLog.java:173) - APR/OpenSSL configuration: useAprConnector [false], useOpenSSL [true]
[12:26:23:003] [INFO] - org.apache.juli.logging.DirectJDKLog.log(DirectJDKLog.java:173) - OpenSSL successfully initialized [OpenSSL 1.1.1n  15 Mar 2022]
[12:26:23:066] [INFO] - org.apache.juli.logging.DirectJDKLog.log(DirectJDKLog.java:173) - Initializing Spring embedded WebApplicationContext
[12:26:23:066] [INFO] - org.springframework.boot.web.servlet.context.ServletWebServerApplicationContext.prepareWebApplicationContext(ServletWebServerApplicationContext.java:284) - Root WebApplicationContext: initialization completed in 1255 ms
[12:26:23:678] [INFO] - springfox.documentation.spring.web.PropertySourcedRequestMappingHandlerMapping.initHandlerMethods(PropertySourcedRequestMappingHandlerMapping.java:69) - Mapped URL path [/v2/api-docs] onto method [springfox.documentation.swagger2.web.Swagger2Controller#getDocumentation(String, HttpServletRequest)]
[12:26:23:772] [INFO] - org.springframework.scheduling.concurrent.ExecutorConfigurationSupport.initialize(ExecutorConfigurationSupport.java:171) - Initializing ExecutorService 'applicationTaskExecutor'
[12:26:23:975] [INFO] - springfox.documentation.spring.web.plugins.DocumentationPluginsBootstrapper.start(DocumentationPluginsBootstrapper.java:160) - Context refreshed
[12:26:23:988] [INFO] - springfox.documentation.spring.web.plugins.DocumentationPluginsBootstrapper.start(DocumentationPluginsBootstrapper.java:163) - Found 1 custom documentation plugin(s)
[12:26:24:007] [INFO] - springfox.documentation.spring.web.scanners.ApiListingReferenceScanner.scan(ApiListingReferenceScanner.java:41) - Scanning for api listing references
[12:26:24:227] [INFO] - org.apache.juli.logging.DirectJDKLog.log(DirectJDKLog.java:173) - Starting ProtocolHandler ["http-nio-8080"]
[12:26:24:242] [INFO] - org.springframework.boot.web.embedded.tomcat.TomcatWebServer.start(TomcatWebServer.java:204) - Tomcat started on port(s): 8080 (http) with context path ''
[12:26:24:242] [INFO] - org.springframework.boot.StartupInfoLogger.logStarted(StartupInfoLogger.java:61) - Started MallAppApplication in 2.732 seconds (JVM running for 3.911)
[12:26:32:797] [INFO] - org.apache.juli.logging.DirectJDKLog.log(DirectJDKLog.java:173) - Initializing Spring DispatcherServlet 'dispatcherServlet'
[12:26:32:797] [INFO] - org.springframework.web.servlet.FrameworkServlet.initServletBean(FrameworkServlet.java:525) - Initializing Servlet 'dispatcherServlet'
[12:26:32:809] [INFO] - org.springframework.web.servlet.FrameworkServlet.initServletBean(FrameworkServlet.java:547) - Completed initialization in 12 ms
[12:26:32:813] [INFO] - per.springbt.mallapp.filter.WebLogAspect.doBefore(WebLogAspect.java:32) - URL: /category/list
[12:26:32:813] [INFO] - per.springbt.mallapp.filter.WebLogAspect.doBefore(WebLogAspect.java:33) - HTTP_METHOD: POST
[12:26:32:813] [INFO] - per.springbt.mallapp.filter.WebLogAspect.doBefore(WebLogAspect.java:34) - IP: 0:0:0:0:0:0:0:1
[12:26:32:813] [INFO] - per.springbt.mallapp.filter.WebLogAspect.doBefore(WebLogAspect.java:35) - Class_METHOD: per.springbt.mallapp.controller.CategoryController.listCategoryForCustomer
[12:26:32:813] [INFO] - per.springbt.mallapp.filter.WebLogAspect.doBefore(WebLogAspect.java:36) - ARGS: []
[12:26:32:844] [INFO] - com.zaxxer.hikari.HikariDataSource.getConnection(HikariDataSource.java:110) - imooc_mall_datasource - Starting...
[12:26:33:425] [INFO] - com.zaxxer.hikari.HikariDataSource.getConnection(HikariDataSource.java:123) - imooc_mall_datasource - Start completed.
[12:26:33:723] [INFO] - per.springbt.mallapp.filter.WebLogAspect.doAfter(WebLogAspect.java:41) - RESPONSE: {"status":10000,"msg":"SUCCESS","data":[{"id":3,"name":"新鲜水果","type":1,"parentId":0,"orderNum":1,"createTime":1576649820000,"childCategory":[{"id":4,"name":"橘子橙子","type":2,"parentId":3,"orderNum":1,"createTime":1576649820000,"childCategory":[{"id":19,"name":"果冻橙","type":3,"parentId":4,"orderNum":1,"createTime":1576649820000,"childCategory":[],"updateTime":1581399422000}],"updateTime":1577568310000},{"id":11,"name":"草莓","type":2,"parentId":3,"orderNum":2,"createTime":1576649820000,"childCategory":[],"updateTime":1577565882000},{"id":12,"name":"奇异果","type":2,"parentId":3,"orderNum":3,"createTime":1576649820000,"childCategory":[],"updateTime":1577568312000},{"id":14,"name":"车厘子","type":2,"parentId":3,"orderNum":4,"createTime":1576649820000,"childCategory":[],"updateTime":1577568312000},{"id":28,"name":"其他水果","type":2,"parentId":3,"orderNum":4,"createTime":1576649820000,"childCategory":[],"updateTime":1577568312000}],"updateTime":1577571086000},{"id":5,"name":"海鲜水产","type":1,"parentId":0,"orderNum":2,"createTime":1576649820000,"childCategory":[{"id":7,"name":"螃蟹","type":2,"parentId":5,"orderNum":1,"createTime":1576649820000,"childCategory":[],"updateTime":1577568315000},{"id":8,"name":"鱼类","type":2,"parentId":5,"orderNum":2,"createTime":1576649820000,"childCategory":[],"updateTime":1577568316000},{"id":13,"name":"海参","type":2,"parentId":5,"orderNum":3,"createTime":1576649820000,"childCategory":[],"updateTime":1577568317000}],"updateTime":1577568320000},{"id":6,"name":"精选肉类","type":1,"parentId":0,"orderNum":3,"createTime":1576649820000,"childCategory":[{"id":16,"name":"牛羊肉","type":2,"parentId":6,"orderNum":1,"createTime":1576649820000,"childCategory":[],"updateTime":1577568318000}],"updateTime":1577568321000},{"id":9,"name":"冷饮冻食","type":1,"parentId":0,"orderNum":4,"createTime":1576867528000,"childCategory":[{"id":17,"name":"冰淇淋","type":2,"parentId":9,"orderNum":1,"createTime":1576649820000,"childCategory":[],"updateTime":1577568318000}],"updateTime":1577568322000},{"id":10,"name":"蔬菜蛋品","type":1,"parentId":0,"orderNum":5,"createTime":1576867528000,"childCategory":[{"id":18,"name":"蔬菜综合","type":2,"parentId":10,"orderNum":1,"createTime":1576649820000,"childCategory":[],"updateTime":1581400107000}],"updateTime":1577568323000},{"id":27,"name":"美味菌菇","type":1,"parentId":0,"orderNum":7,"createTime":1576867528000,"childCategory":[{"id":15,"name":"火锅食材","type":2,"parentId":27,"orderNum":5,"createTime":1576649820000,"childCategory":[],"updateTime":1581399753000}],"updateTime":1581394836000}]}
[12:30:39:803] [INFO] - org.springframework.scheduling.concurrent.ExecutorConfigurationSupport.shutdown(ExecutorConfigurationSupport.java:208) - Shutting down ExecutorService 'applicationTaskExecutor'
[12:30:39:803] [INFO] - com.zaxxer.hikari.HikariDataSource.close(HikariDataSource.java:350) - imooc_mall_datasource - Shutdown initiated...
[12:30:39:819] [INFO] - com.zaxxer.hikari.HikariDataSource.close(HikariDataSource.java:352) - imooc_mall_datasource - Shutdown completed.
[15:55:01:536] [INFO] - org.springframework.boot.StartupInfoLogger.logStarting(StartupInfoLogger.java:55) - Starting MallAppApplication on Jiawen-Desktop with PID 722156 (D:\SelfLearningProjects\MoocCode\MallApp\target\classes started by Jiawen in D:\SelfLearningProjects\MoocCode\MallApp)
[15:55:01:547] [INFO] - org.springframework.boot.SpringApplication.logStartupProfileInfo(SpringApplication.java:651) - No active profile set, falling back to default profiles: default
[15:55:03:806] [INFO] - org.springframework.data.repository.config.RepositoryConfigurationDelegate.multipleStoresDetected(RepositoryConfigurationDelegate.java:246) - Multiple Spring Data modules found, entering strict repository configuration mode!
[15:55:03:806] [INFO] - org.springframework.data.repository.config.RepositoryConfigurationDelegate.registerRepositoriesIn(RepositoryConfigurationDelegate.java:126) - Bootstrapping Spring Data repositories in DEFAULT mode.
[15:55:03:841] [INFO] - org.springframework.data.repository.config.RepositoryConfigurationDelegate.registerRepositoriesIn(RepositoryConfigurationDelegate.java:184) - Finished Spring Data repository scanning in 10ms. Found 0 repository interfaces.
[15:55:04:167] [INFO] - org.springframework.context.support.PostProcessorRegistrationDelegate$BeanPostProcessorChecker.postProcessAfterInitialization(PostProcessorRegistrationDelegate.java:330) - Bean 'org.springframework.transaction.annotation.ProxyTransactionManagementConfiguration' of type [org.springframework.transaction.annotation.ProxyTransactionManagementConfiguration] is not eligible for getting processed by all BeanPostProcessors (for example: not eligible for auto-proxying)
[15:55:04:638] [INFO] - org.springframework.boot.web.embedded.tomcat.TomcatWebServer.initialize(TomcatWebServer.java:92) - Tomcat initialized with port(s): 8080 (http)
[15:55:04:643] [INFO] - org.apache.juli.logging.DirectJDKLog.log(DirectJDKLog.java:173) - Initializing ProtocolHandler ["http-nio-8080"]
[15:55:04:643] [INFO] - org.apache.juli.logging.DirectJDKLog.log(DirectJDKLog.java:173) - Starting service [Tomcat]
[15:55:04:643] [INFO] - org.apache.juli.logging.DirectJDKLog.log(DirectJDKLog.java:173) - Starting Servlet engine: [Apache Tomcat/9.0.27]
[15:55:04:643] [INFO] - org.apache.juli.logging.DirectJDKLog.log(DirectJDKLog.java:173) - Loaded APR based Apache Tomcat Native library [1.2.32] using APR version [1.7.0].
[15:55:04:643] [INFO] - org.apache.juli.logging.DirectJDKLog.log(DirectJDKLog.java:173) - APR capabilities: IPv6 [true], sendfile [true], accept filters [false], random [true].
[15:55:04:643] [INFO] - org.apache.juli.logging.DirectJDKLog.log(DirectJDKLog.java:173) - APR/OpenSSL configuration: useAprConnector [false], useOpenSSL [true]
[15:55:04:685] [INFO] - org.apache.juli.logging.DirectJDKLog.log(DirectJDKLog.java:173) - OpenSSL successfully initialized [OpenSSL 1.1.1n  15 Mar 2022]
[15:55:04:779] [INFO] - org.apache.juli.logging.DirectJDKLog.log(DirectJDKLog.java:173) - Initializing Spring embedded WebApplicationContext
[15:55:04:779] [INFO] - org.springframework.boot.web.servlet.context.ServletWebServerApplicationContext.prepareWebApplicationContext(ServletWebServerApplicationContext.java:284) - Root WebApplicationContext: initialization completed in 2950 ms
[15:55:06:098] [INFO] - springfox.documentation.spring.web.PropertySourcedRequestMappingHandlerMapping.initHandlerMethods(PropertySourcedRequestMappingHandlerMapping.java:69) - Mapped URL path [/v2/api-docs] onto method [springfox.documentation.swagger2.web.Swagger2Controller#getDocumentation(String, HttpServletRequest)]
[15:55:06:364] [INFO] - org.springframework.scheduling.concurrent.ExecutorConfigurationSupport.initialize(ExecutorConfigurationSupport.java:171) - Initializing ExecutorService 'applicationTaskExecutor'
[15:55:08:102] [INFO] - springfox.documentation.spring.web.plugins.DocumentationPluginsBootstrapper.start(DocumentationPluginsBootstrapper.java:160) - Context refreshed
[15:55:08:162] [INFO] - springfox.documentation.spring.web.plugins.DocumentationPluginsBootstrapper.start(DocumentationPluginsBootstrapper.java:163) - Found 1 custom documentation plugin(s)
[15:55:08:233] [INFO] - springfox.documentation.spring.web.scanners.ApiListingReferenceScanner.scan(ApiListingReferenceScanner.java:41) - Scanning for api listing references
[15:55:08:937] [INFO] - org.apache.juli.logging.DirectJDKLog.log(DirectJDKLog.java:173) - Starting ProtocolHandler ["http-nio-8080"]
[15:55:08:968] [INFO] - org.springframework.boot.web.embedded.tomcat.TomcatWebServer.start(TomcatWebServer.java:204) - Tomcat started on port(s): 8080 (http) with context path ''
[15:55:08:984] [INFO] - org.springframework.boot.StartupInfoLogger.logStarted(StartupInfoLogger.java:61) - Started MallAppApplication in 9.334 seconds (JVM running for 13.67)
[15:55:31:929] [INFO] - org.apache.juli.logging.DirectJDKLog.log(DirectJDKLog.java:173) - Initializing Spring DispatcherServlet 'dispatcherServlet'
[15:55:31:930] [INFO] - org.springframework.web.servlet.FrameworkServlet.initServletBean(FrameworkServlet.java:525) - Initializing Servlet 'dispatcherServlet'
[15:55:31:945] [INFO] - org.springframework.web.servlet.FrameworkServlet.initServletBean(FrameworkServlet.java:547) - Completed initialization in 15 ms
[15:55:31:971] [INFO] - per.springbt.mallapp.filter.WebLogAspect.doBefore(WebLogAspect.java:32) - URL: /category/list
[15:55:31:971] [INFO] - per.springbt.mallapp.filter.WebLogAspect.doBefore(WebLogAspect.java:33) - HTTP_METHOD: POST
[15:55:31:971] [INFO] - per.springbt.mallapp.filter.WebLogAspect.doBefore(WebLogAspect.java:34) - IP: 0:0:0:0:0:0:0:1
[15:55:31:978] [INFO] - per.springbt.mallapp.filter.WebLogAspect.doBefore(WebLogAspect.java:35) - Class_METHOD: per.springbt.mallapp.controller.CategoryController.listCategoryForCustomer
[15:55:31:979] [INFO] - per.springbt.mallapp.filter.WebLogAspect.doBefore(WebLogAspect.java:36) - ARGS: []
[15:55:32:151] [INFO] - io.lettuce.core.EpollProvider.<clinit>(EpollProvider.java:68) - Starting without optional epoll library
[15:55:32:152] [INFO] - io.lettuce.core.KqueueProvider.<clinit>(KqueueProvider.java:70) - Starting without optional kqueue library
[15:55:33:163] [INFO] - com.zaxxer.hikari.HikariDataSource.getConnection(HikariDataSource.java:110) - imooc_mall_datasource - Starting...
[15:55:34:212] [INFO] - com.zaxxer.hikari.HikariDataSource.getConnection(HikariDataSource.java:123) - imooc_mall_datasource - Start completed.
[15:55:34:545] [INFO] - per.springbt.mallapp.filter.WebLogAspect.doAfter(WebLogAspect.java:41) - RESPONSE: {"status":10000,"msg":"SUCCESS","data":[{"id":3,"name":"新鲜水果","type":1,"parentId":0,"orderNum":1,"createTime":1576649820000,"childCategory":[{"id":4,"name":"橘子橙子","type":2,"parentId":3,"orderNum":1,"createTime":1576649820000,"childCategory":[{"id":19,"name":"果冻橙","type":3,"parentId":4,"orderNum":1,"createTime":1576649820000,"childCategory":[],"updateTime":1581399422000}],"updateTime":1577568310000},{"id":11,"name":"草莓","type":2,"parentId":3,"orderNum":2,"createTime":1576649820000,"childCategory":[],"updateTime":1577565882000},{"id":12,"name":"奇异果","type":2,"parentId":3,"orderNum":3,"createTime":1576649820000,"childCategory":[],"updateTime":1577568312000},{"id":14,"name":"车厘子","type":2,"parentId":3,"orderNum":4,"createTime":1576649820000,"childCategory":[],"updateTime":1577568312000},{"id":28,"name":"其他水果","type":2,"parentId":3,"orderNum":4,"createTime":1576649820000,"childCategory":[],"updateTime":1577568312000}],"updateTime":1577571086000},{"id":5,"name":"海鲜水产","type":1,"parentId":0,"orderNum":2,"createTime":1576649820000,"childCategory":[{"id":7,"name":"螃蟹","type":2,"parentId":5,"orderNum":1,"createTime":1576649820000,"childCategory":[],"updateTime":1577568315000},{"id":8,"name":"鱼类","type":2,"parentId":5,"orderNum":2,"createTime":1576649820000,"childCategory":[],"updateTime":1577568316000},{"id":13,"name":"海参","type":2,"parentId":5,"orderNum":3,"createTime":1576649820000,"childCategory":[],"updateTime":1577568317000}],"updateTime":1577568320000},{"id":6,"name":"精选肉类","type":1,"parentId":0,"orderNum":3,"createTime":1576649820000,"childCategory":[{"id":16,"name":"牛羊肉","type":2,"parentId":6,"orderNum":1,"createTime":1576649820000,"childCategory":[],"updateTime":1577568318000}],"updateTime":1577568321000},{"id":9,"name":"冷饮冻食","type":1,"parentId":0,"orderNum":4,"createTime":1576867528000,"childCategory":[{"id":17,"name":"冰淇淋","type":2,"parentId":9,"orderNum":1,"createTime":1576649820000,"childCategory":[],"updateTime":1577568318000}],"updateTime":1577568322000},{"id":10,"name":"蔬菜蛋品","type":1,"parentId":0,"orderNum":5,"createTime":1576867528000,"childCategory":[{"id":18,"name":"蔬菜综合","type":2,"parentId":10,"orderNum":1,"createTime":1576649820000,"childCategory":[],"updateTime":1581400107000}],"updateTime":1577568323000},{"id":27,"name":"美味菌菇","type":1,"parentId":0,"orderNum":7,"createTime":1576867528000,"childCategory":[{"id":15,"name":"火锅食材","type":2,"parentId":27,"orderNum":5,"createTime":1576649820000,"childCategory":[],"updateTime":1581399753000}],"updateTime":1581394836000}]}
[15:55:41:496] [INFO] - per.springbt.mallapp.filter.WebLogAspect.doBefore(WebLogAspect.java:32) - URL: /category/list
[15:55:41:496] [INFO] - per.springbt.mallapp.filter.WebLogAspect.doBefore(WebLogAspect.java:33) - HTTP_METHOD: POST
[15:55:41:497] [INFO] - per.springbt.mallapp.filter.WebLogAspect.doBefore(WebLogAspect.java:34) - IP: 0:0:0:0:0:0:0:1
[15:55:41:497] [INFO] - per.springbt.mallapp.filter.WebLogAspect.doBefore(WebLogAspect.java:35) - Class_METHOD: per.springbt.mallapp.controller.CategoryController.listCategoryForCustomer
[15:55:41:497] [INFO] - per.springbt.mallapp.filter.WebLogAspect.doBefore(WebLogAspect.java:36) - ARGS: []
[15:55:41:509] [INFO] - per.springbt.mallapp.filter.WebLogAspect.doAfter(WebLogAspect.java:41) - RESPONSE: {"status":10000,"msg":"SUCCESS","data":[{"id":3,"name":"新鲜水果","type":1,"parentId":0,"orderNum":1,"createTime":1576649820000,"childCategory":[{"id":4,"name":"橘子橙子","type":2,"parentId":3,"orderNum":1,"createTime":1576649820000,"childCategory":[{"id":19,"name":"果冻橙","type":3,"parentId":4,"orderNum":1,"createTime":1576649820000,"childCategory":[],"updateTime":1581399422000}],"updateTime":1577568310000},{"id":11,"name":"草莓","type":2,"parentId":3,"orderNum":2,"createTime":1576649820000,"childCategory":[],"updateTime":1577565882000},{"id":12,"name":"奇异果","type":2,"parentId":3,"orderNum":3,"createTime":1576649820000,"childCategory":[],"updateTime":1577568312000},{"id":14,"name":"车厘子","type":2,"parentId":3,"orderNum":4,"createTime":1576649820000,"childCategory":[],"updateTime":1577568312000},{"id":28,"name":"其他水果","type":2,"parentId":3,"orderNum":4,"createTime":1576649820000,"childCategory":[],"updateTime":1577568312000}],"updateTime":1577571086000},{"id":5,"name":"海鲜水产","type":1,"parentId":0,"orderNum":2,"createTime":1576649820000,"childCategory":[{"id":7,"name":"螃蟹","type":2,"parentId":5,"orderNum":1,"createTime":1576649820000,"childCategory":[],"updateTime":1577568315000},{"id":8,"name":"鱼类","type":2,"parentId":5,"orderNum":2,"createTime":1576649820000,"childCategory":[],"updateTime":1577568316000},{"id":13,"name":"海参","type":2,"parentId":5,"orderNum":3,"createTime":1576649820000,"childCategory":[],"updateTime":1577568317000}],"updateTime":1577568320000},{"id":6,"name":"精选肉类","type":1,"parentId":0,"orderNum":3,"createTime":1576649820000,"childCategory":[{"id":16,"name":"牛羊肉","type":2,"parentId":6,"orderNum":1,"createTime":1576649820000,"childCategory":[],"updateTime":1577568318000}],"updateTime":1577568321000},{"id":9,"name":"冷饮冻食","type":1,"parentId":0,"orderNum":4,"createTime":1576867528000,"childCategory":[{"id":17,"name":"冰淇淋","type":2,"parentId":9,"orderNum":1,"createTime":1576649820000,"childCategory":[],"updateTime":1577568318000}],"updateTime":1577568322000},{"id":10,"name":"蔬菜蛋品","type":1,"parentId":0,"orderNum":5,"createTime":1576867528000,"childCategory":[{"id":18,"name":"蔬菜综合","type":2,"parentId":10,"orderNum":1,"createTime":1576649820000,"childCategory":[],"updateTime":1581400107000}],"updateTime":1577568323000},{"id":27,"name":"美味菌菇","type":1,"parentId":0,"orderNum":7,"createTime":1576867528000,"childCategory":[{"id":15,"name":"火锅食材","type":2,"parentId":27,"orderNum":5,"createTime":1576649820000,"childCategory":[],"updateTime":1581399753000}],"updateTime":1581394836000}]}
[15:55:46:029] [INFO] - per.springbt.mallapp.filter.WebLogAspect.doBefore(WebLogAspect.java:32) - URL: /category/list
[15:55:46:029] [INFO] - per.springbt.mallapp.filter.WebLogAspect.doBefore(WebLogAspect.java:33) - HTTP_METHOD: POST
[15:55:46:029] [INFO] - per.springbt.mallapp.filter.WebLogAspect.doBefore(WebLogAspect.java:34) - IP: 0:0:0:0:0:0:0:1
[15:55:46:029] [INFO] - per.springbt.mallapp.filter.WebLogAspect.doBefore(WebLogAspect.java:35) - Class_METHOD: per.springbt.mallapp.controller.CategoryController.listCategoryForCustomer
[15:55:46:029] [INFO] - per.springbt.mallapp.filter.WebLogAspect.doBefore(WebLogAspect.java:36) - ARGS: []
[15:55:46:041] [INFO] - per.springbt.mallapp.filter.WebLogAspect.doAfter(WebLogAspect.java:41) - RESPONSE: {"status":10000,"msg":"SUCCESS","data":[{"id":3,"name":"新鲜水果","type":1,"parentId":0,"orderNum":1,"createTime":1576649820000,"childCategory":[{"id":4,"name":"橘子橙子","type":2,"parentId":3,"orderNum":1,"createTime":1576649820000,"childCategory":[{"id":19,"name":"果冻橙","type":3,"parentId":4,"orderNum":1,"createTime":1576649820000,"childCategory":[],"updateTime":1581399422000}],"updateTime":1577568310000},{"id":11,"name":"草莓","type":2,"parentId":3,"orderNum":2,"createTime":1576649820000,"childCategory":[],"updateTime":1577565882000},{"id":12,"name":"奇异果","type":2,"parentId":3,"orderNum":3,"createTime":1576649820000,"childCategory":[],"updateTime":1577568312000},{"id":14,"name":"车厘子","type":2,"parentId":3,"orderNum":4,"createTime":1576649820000,"childCategory":[],"updateTime":1577568312000},{"id":28,"name":"其他水果","type":2,"parentId":3,"orderNum":4,"createTime":1576649820000,"childCategory":[],"updateTime":1577568312000}],"updateTime":1577571086000},{"id":5,"name":"海鲜水产","type":1,"parentId":0,"orderNum":2,"createTime":1576649820000,"childCategory":[{"id":7,"name":"螃蟹","type":2,"parentId":5,"orderNum":1,"createTime":1576649820000,"childCategory":[],"updateTime":1577568315000},{"id":8,"name":"鱼类","type":2,"parentId":5,"orderNum":2,"createTime":1576649820000,"childCategory":[],"updateTime":1577568316000},{"id":13,"name":"海参","type":2,"parentId":5,"orderNum":3,"createTime":1576649820000,"childCategory":[],"updateTime":1577568317000}],"updateTime":1577568320000},{"id":6,"name":"精选肉类","type":1,"parentId":0,"orderNum":3,"createTime":1576649820000,"childCategory":[{"id":16,"name":"牛羊肉","type":2,"parentId":6,"orderNum":1,"createTime":1576649820000,"childCategory":[],"updateTime":1577568318000}],"updateTime":1577568321000},{"id":9,"name":"冷饮冻食","type":1,"parentId":0,"orderNum":4,"createTime":1576867528000,"childCategory":[{"id":17,"name":"冰淇淋","type":2,"parentId":9,"orderNum":1,"createTime":1576649820000,"childCategory":[],"updateTime":1577568318000}],"updateTime":1577568322000},{"id":10,"name":"蔬菜蛋品","type":1,"parentId":0,"orderNum":5,"createTime":1576867528000,"childCategory":[{"id":18,"name":"蔬菜综合","type":2,"parentId":10,"orderNum":1,"createTime":1576649820000,"childCategory":[],"updateTime":1581400107000}],"updateTime":1577568323000},{"id":27,"name":"美味菌菇","type":1,"parentId":0,"orderNum":7,"createTime":1576867528000,"childCategory":[{"id":15,"name":"火锅食材","type":2,"parentId":27,"orderNum":5,"createTime":1576649820000,"childCategory":[],"updateTime":1581399753000}],"updateTime":1581394836000}]}
[15:59:44:837] [INFO] - org.springframework.scheduling.concurrent.ExecutorConfigurationSupport.shutdown(ExecutorConfigurationSupport.java:208) - Shutting down ExecutorService 'applicationTaskExecutor'
[15:59:44:837] [INFO] - com.zaxxer.hikari.HikariDataSource.close(HikariDataSource.java:350) - imooc_mall_datasource - Shutdown initiated...
[15:59:44:868] [INFO] - com.zaxxer.hikari.HikariDataSource.close(HikariDataSource.java:352) - imooc_mall_datasource - Shutdown completed.
[15:59:59:697] [INFO] - org.springframework.boot.StartupInfoLogger.logStarting(StartupInfoLogger.java:55) - Starting MallAppApplication on Jiawen-Desktop with PID 721004 (D:\SelfLearningProjects\MoocCode\MallApp\target\classes started by Jiawen in D:\SelfLearningProjects\MoocCode\MallApp)
[15:59:59:697] [INFO] - org.springframework.boot.SpringApplication.logStartupProfileInfo(SpringApplication.java:651) - No active profile set, falling back to default profiles: default
[16:00:00:717] [INFO] - org.springframework.data.repository.config.RepositoryConfigurationDelegate.multipleStoresDetected(RepositoryConfigurationDelegate.java:246) - Multiple Spring Data modules found, entering strict repository configuration mode!
[16:00:00:733] [INFO] - org.springframework.data.repository.config.RepositoryConfigurationDelegate.registerRepositoriesIn(RepositoryConfigurationDelegate.java:126) - Bootstrapping Spring Data repositories in DEFAULT mode.
[16:00:00:748] [INFO] - org.springframework.data.repository.config.RepositoryConfigurationDelegate.registerRepositoriesIn(RepositoryConfigurationDelegate.java:184) - Finished Spring Data repository scanning in 8ms. Found 0 repository interfaces.
[16:00:01:737] [INFO] - org.springframework.context.support.PostProcessorRegistrationDelegate$BeanPostProcessorChecker.postProcessAfterInitialization(PostProcessorRegistrationDelegate.java:330) - Bean 'org.springframework.transaction.annotation.ProxyTransactionManagementConfiguration' of type [org.springframework.transaction.annotation.ProxyTransactionManagementConfiguration] is not eligible for getting processed by all BeanPostProcessors (for example: not eligible for auto-proxying)
[16:00:03:090] [INFO] - org.springframework.boot.web.embedded.tomcat.TomcatWebServer.initialize(TomcatWebServer.java:92) - Tomcat initialized with port(s): 8080 (http)
[16:00:03:106] [INFO] - org.apache.juli.logging.DirectJDKLog.log(DirectJDKLog.java:173) - Initializing ProtocolHandler ["http-nio-8080"]
[16:00:03:106] [INFO] - org.apache.juli.logging.DirectJDKLog.log(DirectJDKLog.java:173) - Starting service [Tomcat]
[16:00:03:106] [INFO] - org.apache.juli.logging.DirectJDKLog.log(DirectJDKLog.java:173) - Starting Servlet engine: [Apache Tomcat/9.0.27]
[16:00:03:106] [INFO] - org.apache.juli.logging.DirectJDKLog.log(DirectJDKLog.java:173) - Loaded APR based Apache Tomcat Native library [1.2.32] using APR version [1.7.0].
[16:00:03:106] [INFO] - org.apache.juli.logging.DirectJDKLog.log(DirectJDKLog.java:173) - APR capabilities: IPv6 [true], sendfile [true], accept filters [false], random [true].
[16:00:03:106] [INFO] - org.apache.juli.logging.DirectJDKLog.log(DirectJDKLog.java:173) - APR/OpenSSL configuration: useAprConnector [false], useOpenSSL [true]
[16:00:03:138] [INFO] - org.apache.juli.logging.DirectJDKLog.log(DirectJDKLog.java:173) - OpenSSL successfully initialized [OpenSSL 1.1.1n  15 Mar 2022]
[16:00:03:200] [INFO] - org.apache.juli.logging.DirectJDKLog.log(DirectJDKLog.java:173) - Initializing Spring embedded WebApplicationContext
[16:00:03:200] [INFO] - org.springframework.boot.web.servlet.context.ServletWebServerApplicationContext.prepareWebApplicationContext(ServletWebServerApplicationContext.java:284) - Root WebApplicationContext: initialization completed in 3456 ms
[16:00:03:969] [INFO] - springfox.documentation.spring.web.PropertySourcedRequestMappingHandlerMapping.initHandlerMethods(PropertySourcedRequestMappingHandlerMapping.java:69) - Mapped URL path [/v2/api-docs] onto method [springfox.documentation.swagger2.web.Swagger2Controller#getDocumentation(String, HttpServletRequest)]
[16:00:04:079] [INFO] - org.springframework.scheduling.concurrent.ExecutorConfigurationSupport.initialize(ExecutorConfigurationSupport.java:171) - Initializing ExecutorService 'applicationTaskExecutor'
[16:00:04:643] [INFO] - springfox.documentation.spring.web.plugins.DocumentationPluginsBootstrapper.start(DocumentationPluginsBootstrapper.java:160) - Context refreshed
[16:00:04:659] [INFO] - springfox.documentation.spring.web.plugins.DocumentationPluginsBootstrapper.start(DocumentationPluginsBootstrapper.java:163) - Found 1 custom documentation plugin(s)
[16:00:04:675] [INFO] - springfox.documentation.spring.web.scanners.ApiListingReferenceScanner.scan(ApiListingReferenceScanner.java:41) - Scanning for api listing references
[16:00:04:957] [INFO] - org.apache.juli.logging.DirectJDKLog.log(DirectJDKLog.java:173) - Starting ProtocolHandler ["http-nio-8080"]
[16:00:04:973] [INFO] - org.springframework.boot.web.embedded.tomcat.TomcatWebServer.start(TomcatWebServer.java:204) - Tomcat started on port(s): 8080 (http) with context path ''
[16:00:04:973] [INFO] - org.springframework.boot.StartupInfoLogger.logStarted(StartupInfoLogger.java:61) - Started MallAppApplication in 5.574 seconds (JVM running for 7.8)
[16:02:46:047] [INFO] - org.springframework.scheduling.concurrent.ExecutorConfigurationSupport.shutdown(ExecutorConfigurationSupport.java:208) - Shutting down ExecutorService 'applicationTaskExecutor'
